<?xml version="1.0" encoding="UTF-8"?>
<testsuite name="ru.site.web.controller.AuthControllerTest" tests="2" skipped="0" failures="1" errors="0" timestamp="2025-08-17T15:47:07.659Z" hostname="MacBook-Air-Linara.local" time="14.06">
  <properties/>
  <testcase name="testRegisterFailUserAlreadyExists()" classname="ru.site.web.controller.AuthControllerTest" time="6.008">
    <failure message="java.lang.AssertionError: Status expected:&lt;400&gt; but was:&lt;500&gt;" type="java.lang.AssertionError">java.lang.AssertionError: Status expected:&lt;400&gt; but was:&lt;500&gt;
	at org.springframework.test.util.AssertionErrors.fail(AssertionErrors.java:59)
	at org.springframework.test.util.AssertionErrors.assertEquals(AssertionErrors.java:122)
	at org.springframework.test.web.servlet.result.StatusResultMatchers.lambda$matcher$9(StatusResultMatchers.java:637)
	at org.springframework.test.web.servlet.MockMvc$1.andExpect(MockMvc.java:214)
	at ru.site.web.controller.AuthControllerTest.testRegisterFailUserAlreadyExists(AuthControllerTest.java:56)
	at java.base/java.lang.reflect.Method.invoke(Method.java:580)
	at java.base/java.util.ArrayList.forEach(ArrayList.java:1596)
	at java.base/java.util.ArrayList.forEach(ArrayList.java:1596)
</failure>
  </testcase>
  <testcase name="testRegisterSuccess()" classname="ru.site.web.controller.AuthControllerTest" time="6.123"/>
  <system-out><![CDATA[18:47:00.370 [Test worker] INFO org.springframework.test.context.support.AnnotationConfigContextLoaderUtils -- Could not detect default configuration classes for test class [ru.site.web.controller.AuthControllerTest]: AuthControllerTest does not declare any static, non-private, non-final, nested classes annotated with @Configuration.
18:47:00.518 [Test worker] INFO org.springframework.boot.test.context.SpringBootTestContextBootstrapper -- Found @SpringBootConfiguration ru.site.RideApplication for test class ru.site.web.controller.AuthControllerTest

  .   ____          _            __ _ _
 /\\ / ___'_ __ _ _(_)_ __  __ _ \ \ \ \
( ( )\___ | '_ | '_| | '_ \/ _` | \ \ \ \
 \\/  ___)| |_)| | | | | || (_| |  ) ) ) )
  '  |____| .__|_| |_|_| |_\__, | / / / /
 =========|_|==============|___/=/_/_/_/
 :: Spring Boot ::                (v3.2.5)

2025-08-17T18:47:00.913+03:00  INFO 24165 --- [    Test worker] r.s.web.controller.AuthControllerTest    : Starting AuthControllerTest using Java 21.0.8 with PID 24165 (started by linara in /Users/linara/Desktop/DO/Ride-Service)
2025-08-17T18:47:00.914+03:00  INFO 24165 --- [    Test worker] r.s.web.controller.AuthControllerTest    : No active profile set, falling back to 1 default profile: "default"
2025-08-17T18:47:01.776+03:00  INFO 24165 --- [    Test worker] .s.d.r.c.RepositoryConfigurationDelegate : Multiple Spring Data modules found, entering strict repository configuration mode
2025-08-17T18:47:01.777+03:00  INFO 24165 --- [    Test worker] .s.d.r.c.RepositoryConfigurationDelegate : Bootstrapping Spring Data JPA repositories in DEFAULT mode.
2025-08-17T18:47:01.946+03:00  INFO 24165 --- [    Test worker] .s.d.r.c.RepositoryConfigurationDelegate : Finished Spring Data repository scanning in 162 ms. Found 6 JPA repository interfaces.
2025-08-17T18:47:01.971+03:00  INFO 24165 --- [    Test worker] .s.d.r.c.RepositoryConfigurationDelegate : Multiple Spring Data modules found, entering strict repository configuration mode
2025-08-17T18:47:01.972+03:00  INFO 24165 --- [    Test worker] .s.d.r.c.RepositoryConfigurationDelegate : Bootstrapping Spring Data Redis repositories in DEFAULT mode.
2025-08-17T18:47:01.992+03:00  INFO 24165 --- [    Test worker] .RepositoryConfigurationExtensionSupport : Spring Data Redis - Could not safely identify store assignment for repository candidate interface ru.site.datasource.repository.ClientRepository; If you want this repository to be a Redis repository, consider annotating your entities with one of these annotations: org.springframework.data.redis.core.RedisHash (preferred), or consider extending one of the following types with your repository: org.springframework.data.keyvalue.repository.KeyValueRepository
2025-08-17T18:47:01.992+03:00  INFO 24165 --- [    Test worker] .RepositoryConfigurationExtensionSupport : Spring Data Redis - Could not safely identify store assignment for repository candidate interface ru.site.datasource.repository.DriverRepository; If you want this repository to be a Redis repository, consider annotating your entities with one of these annotations: org.springframework.data.redis.core.RedisHash (preferred), or consider extending one of the following types with your repository: org.springframework.data.keyvalue.repository.KeyValueRepository
2025-08-17T18:47:01.992+03:00  INFO 24165 --- [    Test worker] .RepositoryConfigurationExtensionSupport : Spring Data Redis - Could not safely identify store assignment for repository candidate interface ru.site.datasource.repository.PaymentRepository; If you want this repository to be a Redis repository, consider annotating your entities with one of these annotations: org.springframework.data.redis.core.RedisHash (preferred), or consider extending one of the following types with your repository: org.springframework.data.keyvalue.repository.KeyValueRepository
2025-08-17T18:47:01.993+03:00  INFO 24165 --- [    Test worker] .RepositoryConfigurationExtensionSupport : Spring Data Redis - Could not safely identify store assignment for repository candidate interface ru.site.datasource.repository.RideRepository; If you want this repository to be a Redis repository, consider annotating your entities with one of these annotations: org.springframework.data.redis.core.RedisHash (preferred), or consider extending one of the following types with your repository: org.springframework.data.keyvalue.repository.KeyValueRepository
2025-08-17T18:47:01.993+03:00  INFO 24165 --- [    Test worker] .RepositoryConfigurationExtensionSupport : Spring Data Redis - Could not safely identify store assignment for repository candidate interface ru.site.datasource.repository.RoleRepository; If you want this repository to be a Redis repository, consider annotating your entities with one of these annotations: org.springframework.data.redis.core.RedisHash (preferred), or consider extending one of the following types with your repository: org.springframework.data.keyvalue.repository.KeyValueRepository
2025-08-17T18:47:01.993+03:00  INFO 24165 --- [    Test worker] .RepositoryConfigurationExtensionSupport : Spring Data Redis - Could not safely identify store assignment for repository candidate interface ru.site.datasource.repository.UserRepository; If you want this repository to be a Redis repository, consider annotating your entities with one of these annotations: org.springframework.data.redis.core.RedisHash (preferred), or consider extending one of the following types with your repository: org.springframework.data.keyvalue.repository.KeyValueRepository
2025-08-17T18:47:01.993+03:00  INFO 24165 --- [    Test worker] .s.d.r.c.RepositoryConfigurationDelegate : Finished Spring Data repository scanning in 11 ms. Found 0 Redis repository interfaces.
2025-08-17T18:47:03.103+03:00  INFO 24165 --- [    Test worker] o.hibernate.jpa.internal.util.LogHelper  : HHH000204: Processing PersistenceUnitInfo [name: default]
2025-08-17T18:47:03.197+03:00  INFO 24165 --- [    Test worker] org.hibernate.Version                    : HHH000412: Hibernate ORM core version 6.4.4.Final
2025-08-17T18:47:03.249+03:00  INFO 24165 --- [    Test worker] o.h.c.internal.RegionFactoryInitiator    : HHH000026: Second-level cache disabled
2025-08-17T18:47:03.490+03:00  INFO 24165 --- [    Test worker] o.s.o.j.p.SpringPersistenceUnitInfo      : No LoadTimeWeaver setup: ignoring JPA class transformer
2025-08-17T18:47:03.516+03:00  INFO 24165 --- [    Test worker] com.zaxxer.hikari.HikariDataSource       : HikariPool-1 - Starting...
2025-08-17T18:47:03.609+03:00  INFO 24165 --- [    Test worker] com.zaxxer.hikari.pool.HikariPool        : HikariPool-1 - Added connection org.postgresql.jdbc.PgConnection@55f23335
2025-08-17T18:47:03.610+03:00  INFO 24165 --- [    Test worker] com.zaxxer.hikari.HikariDataSource       : HikariPool-1 - Start completed.
2025-08-17T18:47:03.654+03:00  WARN 24165 --- [    Test worker] org.hibernate.orm.deprecation            : HHH90000025: PostgreSQLDialect does not need to be specified explicitly using 'hibernate.dialect' (remove the property setting and it will be selected by default)
2025-08-17T18:47:04.578+03:00  INFO 24165 --- [    Test worker] o.h.e.t.j.p.i.JtaPlatformInitiator       : HHH000489: No JTA platform available (set 'hibernate.transaction.jta.platform' to enable JTA platform integration)
2025-08-17T18:47:04.709+03:00  INFO 24165 --- [    Test worker] j.LocalContainerEntityManagerFactoryBean : Initialized JPA EntityManagerFactory for persistence unit 'default'
2025-08-17T18:47:05.195+03:00  WARN 24165 --- [    Test worker] JpaBaseConfiguration$JpaWebConfiguration : spring.jpa.open-in-view is enabled by default. Therefore, database queries may be performed during view rendering. Explicitly configure spring.jpa.open-in-view to disable this warning
2025-08-17T18:47:05.398+03:00  INFO 24165 --- [    Test worker] o.s.s.web.DefaultSecurityFilterChain     : Will secure any request with [org.springframework.security.web.session.DisableEncodeUrlFilter@2623ad23, org.springframework.security.web.context.request.async.WebAsyncManagerIntegrationFilter@2e03b52f, org.springframework.security.web.context.SecurityContextHolderFilter@42a08547, org.springframework.security.web.header.HeaderWriterFilter@4e9b66ab, org.springframework.web.filter.CorsFilter@71d37ecd, org.springframework.security.web.authentication.logout.LogoutFilter@fb79241, ru.site.security.filter.AuthFilter@5a564a61, org.springframework.security.web.savedrequest.RequestCacheAwareFilter@5d28ac23, org.springframework.security.web.servletapi.SecurityContextHolderAwareRequestFilter@6e18bc2f, org.springframework.security.web.authentication.AnonymousAuthenticationFilter@6e681c3b, org.springframework.security.web.access.ExceptionTranslationFilter@6232cde5, org.springframework.security.web.access.intercept.AuthorizationFilter@520b547c]
Kafka bootstrap servers: localhost:9092
2025-08-17T18:47:06.757+03:00  INFO 24165 --- [    Test worker] o.s.b.t.m.w.SpringBootMockServletContext : Initializing Spring TestDispatcherServlet ''
2025-08-17T18:47:06.757+03:00  INFO 24165 --- [    Test worker] o.s.t.web.servlet.TestDispatcherServlet  : Initializing Servlet ''
2025-08-17T18:47:06.758+03:00  INFO 24165 --- [    Test worker] o.s.t.web.servlet.TestDispatcherServlet  : Completed initialization in 1 ms
2025-08-17T18:47:06.811+03:00  INFO 24165 --- [    Test worker] o.a.k.clients.admin.AdminClientConfig    : AdminClientConfig values: 
	auto.include.jmx.reporter = true
	bootstrap.servers = [localhost:9092]
	client.dns.lookup = use_all_dns_ips
	client.id = 
	connections.max.idle.ms = 300000
	default.api.timeout.ms = 60000
	metadata.max.age.ms = 300000
	metric.reporters = []
	metrics.num.samples = 2
	metrics.recording.level = INFO
	metrics.sample.window.ms = 30000
	receive.buffer.bytes = 65536
	reconnect.backoff.max.ms = 1000
	reconnect.backoff.ms = 50
	request.timeout.ms = 30000
	retries = 2147483647
	retry.backoff.ms = 100
	sasl.client.callback.handler.class = null
	sasl.jaas.config = null
	sasl.kerberos.kinit.cmd = /usr/bin/kinit
	sasl.kerberos.min.time.before.relogin = 60000
	sasl.kerberos.service.name = null
	sasl.kerberos.ticket.renew.jitter = 0.05
	sasl.kerberos.ticket.renew.window.factor = 0.8
	sasl.login.callback.handler.class = null
	sasl.login.class = null
	sasl.login.connect.timeout.ms = null
	sasl.login.read.timeout.ms = null
	sasl.login.refresh.buffer.seconds = 300
	sasl.login.refresh.min.period.seconds = 60
	sasl.login.refresh.window.factor = 0.8
	sasl.login.refresh.window.jitter = 0.05
	sasl.login.retry.backoff.max.ms = 10000
	sasl.login.retry.backoff.ms = 100
	sasl.mechanism = GSSAPI
	sasl.oauthbearer.clock.skew.seconds = 30
	sasl.oauthbearer.expected.audience = null
	sasl.oauthbearer.expected.issuer = null
	sasl.oauthbearer.jwks.endpoint.refresh.ms = 3600000
	sasl.oauthbearer.jwks.endpoint.retry.backoff.max.ms = 10000
	sasl.oauthbearer.jwks.endpoint.retry.backoff.ms = 100
	sasl.oauthbearer.jwks.endpoint.url = null
	sasl.oauthbearer.scope.claim.name = scope
	sasl.oauthbearer.sub.claim.name = sub
	sasl.oauthbearer.token.endpoint.url = null
	security.protocol = PLAINTEXT
	security.providers = null
	send.buffer.bytes = 131072
	socket.connection.setup.timeout.max.ms = 30000
	socket.connection.setup.timeout.ms = 10000
	ssl.cipher.suites = null
	ssl.enabled.protocols = [TLSv1.2, TLSv1.3]
	ssl.endpoint.identification.algorithm = https
	ssl.engine.factory.class = null
	ssl.key.password = null
	ssl.keymanager.algorithm = SunX509
	ssl.keystore.certificate.chain = null
	ssl.keystore.key = null
	ssl.keystore.location = null
	ssl.keystore.password = null
	ssl.keystore.type = JKS
	ssl.protocol = TLSv1.3
	ssl.provider = null
	ssl.secure.random.implementation = null
	ssl.trustmanager.algorithm = PKIX
	ssl.truststore.certificates = null
	ssl.truststore.location = null
	ssl.truststore.password = null
	ssl.truststore.type = JKS

2025-08-17T18:47:06.924+03:00  INFO 24165 --- [    Test worker] o.a.kafka.common.utils.AppInfoParser     : Kafka version: 3.6.2
2025-08-17T18:47:06.924+03:00  INFO 24165 --- [    Test worker] o.a.kafka.common.utils.AppInfoParser     : Kafka commitId: c4deed513057c94e
2025-08-17T18:47:06.924+03:00  INFO 24165 --- [    Test worker] o.a.kafka.common.utils.AppInfoParser     : Kafka startTimeMs: 1755445626923
2025-08-17T18:47:07.236+03:00  INFO 24165 --- [    Test worker] o.springframework.kafka.core.KafkaAdmin  : Topic 'driver-status' exists but has a different partition count: 5 not 3
2025-08-17T18:47:07.237+03:00  INFO 24165 --- [| adminclient-1] o.a.kafka.common.utils.AppInfoParser     : App info kafka.admin.client for adminclient-1 unregistered
2025-08-17T18:47:07.245+03:00  INFO 24165 --- [| adminclient-1] o.apache.kafka.common.metrics.Metrics    : Metrics scheduler closed
2025-08-17T18:47:07.245+03:00  INFO 24165 --- [| adminclient-1] o.apache.kafka.common.metrics.Metrics    : Closing reporter org.apache.kafka.common.metrics.JmxReporter
2025-08-17T18:47:07.245+03:00  INFO 24165 --- [| adminclient-1] o.apache.kafka.common.metrics.Metrics    : Metrics reporters closed
2025-08-17T18:47:07.296+03:00  INFO 24165 --- [    Test worker] o.a.k.clients.consumer.ConsumerConfig    : ConsumerConfig values: 
	allow.auto.create.topics = true
	auto.commit.interval.ms = 5000
	auto.include.jmx.reporter = true
	auto.offset.reset = latest
	bootstrap.servers = [localhost:9092]
	check.crcs = true
	client.dns.lookup = use_all_dns_ips
	client.id = consumer-driver-service-1
	client.rack = 
	connections.max.idle.ms = 540000
	default.api.timeout.ms = 60000
	enable.auto.commit = false
	exclude.internal.topics = true
	fetch.max.bytes = 52428800
	fetch.max.wait.ms = 500
	fetch.min.bytes = 1
	group.id = driver-service
	group.instance.id = null
	heartbeat.interval.ms = 3000
	interceptor.classes = []
	internal.leave.group.on.close = true
	internal.throw.on.fetch.stable.offset.unsupported = false
	isolation.level = read_uncommitted
	key.deserializer = class org.apache.kafka.common.serialization.StringDeserializer
	max.partition.fetch.bytes = 1048576
	max.poll.interval.ms = 300000
	max.poll.records = 500
	metadata.max.age.ms = 300000
	metric.reporters = []
	metrics.num.samples = 2
	metrics.recording.level = INFO
	metrics.sample.window.ms = 30000
	partition.assignment.strategy = [class org.apache.kafka.clients.consumer.RangeAssignor, class org.apache.kafka.clients.consumer.CooperativeStickyAssignor]
	receive.buffer.bytes = 65536
	reconnect.backoff.max.ms = 1000
	reconnect.backoff.ms = 50
	request.timeout.ms = 30000
	retry.backoff.ms = 100
	sasl.client.callback.handler.class = null
	sasl.jaas.config = null
	sasl.kerberos.kinit.cmd = /usr/bin/kinit
	sasl.kerberos.min.time.before.relogin = 60000
	sasl.kerberos.service.name = null
	sasl.kerberos.ticket.renew.jitter = 0.05
	sasl.kerberos.ticket.renew.window.factor = 0.8
	sasl.login.callback.handler.class = null
	sasl.login.class = null
	sasl.login.connect.timeout.ms = null
	sasl.login.read.timeout.ms = null
	sasl.login.refresh.buffer.seconds = 300
	sasl.login.refresh.min.period.seconds = 60
	sasl.login.refresh.window.factor = 0.8
	sasl.login.refresh.window.jitter = 0.05
	sasl.login.retry.backoff.max.ms = 10000
	sasl.login.retry.backoff.ms = 100
	sasl.mechanism = GSSAPI
	sasl.oauthbearer.clock.skew.seconds = 30
	sasl.oauthbearer.expected.audience = null
	sasl.oauthbearer.expected.issuer = null
	sasl.oauthbearer.jwks.endpoint.refresh.ms = 3600000
	sasl.oauthbearer.jwks.endpoint.retry.backoff.max.ms = 10000
	sasl.oauthbearer.jwks.endpoint.retry.backoff.ms = 100
	sasl.oauthbearer.jwks.endpoint.url = null
	sasl.oauthbearer.scope.claim.name = scope
	sasl.oauthbearer.sub.claim.name = sub
	sasl.oauthbearer.token.endpoint.url = null
	security.protocol = PLAINTEXT
	security.providers = null
	send.buffer.bytes = 131072
	session.timeout.ms = 45000
	socket.connection.setup.timeout.max.ms = 30000
	socket.connection.setup.timeout.ms = 10000
	ssl.cipher.suites = null
	ssl.enabled.protocols = [TLSv1.2, TLSv1.3]
	ssl.endpoint.identification.algorithm = https
	ssl.engine.factory.class = null
	ssl.key.password = null
	ssl.keymanager.algorithm = SunX509
	ssl.keystore.certificate.chain = null
	ssl.keystore.key = null
	ssl.keystore.location = null
	ssl.keystore.password = null
	ssl.keystore.type = JKS
	ssl.protocol = TLSv1.3
	ssl.provider = null
	ssl.secure.random.implementation = null
	ssl.trustmanager.algorithm = PKIX
	ssl.truststore.certificates = null
	ssl.truststore.location = null
	ssl.truststore.password = null
	ssl.truststore.type = JKS
	value.deserializer = class org.apache.kafka.common.serialization.StringDeserializer

2025-08-17T18:47:07.363+03:00  INFO 24165 --- [    Test worker] o.a.kafka.common.utils.AppInfoParser     : Kafka version: 3.6.2
2025-08-17T18:47:07.363+03:00  INFO 24165 --- [    Test worker] o.a.kafka.common.utils.AppInfoParser     : Kafka commitId: c4deed513057c94e
2025-08-17T18:47:07.364+03:00  INFO 24165 --- [    Test worker] o.a.kafka.common.utils.AppInfoParser     : Kafka startTimeMs: 1755445627363
2025-08-17T18:47:07.365+03:00  INFO 24165 --- [    Test worker] fkaConsumerFactory$ExtendedKafkaConsumer : [Consumer clientId=consumer-driver-service-1, groupId=driver-service] Subscribed to topic(s): ride-status
2025-08-17T18:47:07.376+03:00  INFO 24165 --- [    Test worker] o.a.k.clients.consumer.ConsumerConfig    : ConsumerConfig values: 
	allow.auto.create.topics = true
	auto.commit.interval.ms = 5000
	auto.include.jmx.reporter = true
	auto.offset.reset = latest
	bootstrap.servers = [localhost:9092]
	check.crcs = true
	client.dns.lookup = use_all_dns_ips
	client.id = consumer-driver-service-2
	client.rack = 
	connections.max.idle.ms = 540000
	default.api.timeout.ms = 60000
	enable.auto.commit = false
	exclude.internal.topics = true
	fetch.max.bytes = 52428800
	fetch.max.wait.ms = 500
	fetch.min.bytes = 1
	group.id = driver-service
	group.instance.id = null
	heartbeat.interval.ms = 3000
	interceptor.classes = []
	internal.leave.group.on.close = true
	internal.throw.on.fetch.stable.offset.unsupported = false
	isolation.level = read_uncommitted
	key.deserializer = class org.apache.kafka.common.serialization.StringDeserializer
	max.partition.fetch.bytes = 1048576
	max.poll.interval.ms = 300000
	max.poll.records = 500
	metadata.max.age.ms = 300000
	metric.reporters = []
	metrics.num.samples = 2
	metrics.recording.level = INFO
	metrics.sample.window.ms = 30000
	partition.assignment.strategy = [class org.apache.kafka.clients.consumer.RangeAssignor, class org.apache.kafka.clients.consumer.CooperativeStickyAssignor]
	receive.buffer.bytes = 65536
	reconnect.backoff.max.ms = 1000
	reconnect.backoff.ms = 50
	request.timeout.ms = 30000
	retry.backoff.ms = 100
	sasl.client.callback.handler.class = null
	sasl.jaas.config = null
	sasl.kerberos.kinit.cmd = /usr/bin/kinit
	sasl.kerberos.min.time.before.relogin = 60000
	sasl.kerberos.service.name = null
	sasl.kerberos.ticket.renew.jitter = 0.05
	sasl.kerberos.ticket.renew.window.factor = 0.8
	sasl.login.callback.handler.class = null
	sasl.login.class = null
	sasl.login.connect.timeout.ms = null
	sasl.login.read.timeout.ms = null
	sasl.login.refresh.buffer.seconds = 300
	sasl.login.refresh.min.period.seconds = 60
	sasl.login.refresh.window.factor = 0.8
	sasl.login.refresh.window.jitter = 0.05
	sasl.login.retry.backoff.max.ms = 10000
	sasl.login.retry.backoff.ms = 100
	sasl.mechanism = GSSAPI
	sasl.oauthbearer.clock.skew.seconds = 30
	sasl.oauthbearer.expected.audience = null
	sasl.oauthbearer.expected.issuer = null
	sasl.oauthbearer.jwks.endpoint.refresh.ms = 3600000
	sasl.oauthbearer.jwks.endpoint.retry.backoff.max.ms = 10000
	sasl.oauthbearer.jwks.endpoint.retry.backoff.ms = 100
	sasl.oauthbearer.jwks.endpoint.url = null
	sasl.oauthbearer.scope.claim.name = scope
	sasl.oauthbearer.sub.claim.name = sub
	sasl.oauthbearer.token.endpoint.url = null
	security.protocol = PLAINTEXT
	security.providers = null
	send.buffer.bytes = 131072
	session.timeout.ms = 45000
	socket.connection.setup.timeout.max.ms = 30000
	socket.connection.setup.timeout.ms = 10000
	ssl.cipher.suites = null
	ssl.enabled.protocols = [TLSv1.2, TLSv1.3]
	ssl.endpoint.identification.algorithm = https
	ssl.engine.factory.class = null
	ssl.key.password = null
	ssl.keymanager.algorithm = SunX509
	ssl.keystore.certificate.chain = null
	ssl.keystore.key = null
	ssl.keystore.location = null
	ssl.keystore.password = null
	ssl.keystore.type = JKS
	ssl.protocol = TLSv1.3
	ssl.provider = null
	ssl.secure.random.implementation = null
	ssl.trustmanager.algorithm = PKIX
	ssl.truststore.certificates = null
	ssl.truststore.location = null
	ssl.truststore.password = null
	ssl.truststore.type = JKS
	value.deserializer = class org.apache.kafka.common.serialization.StringDeserializer

2025-08-17T18:47:07.386+03:00  INFO 24165 --- [    Test worker] o.a.kafka.common.utils.AppInfoParser     : Kafka version: 3.6.2
2025-08-17T18:47:07.386+03:00  INFO 24165 --- [    Test worker] o.a.kafka.common.utils.AppInfoParser     : Kafka commitId: c4deed513057c94e
2025-08-17T18:47:07.386+03:00  INFO 24165 --- [    Test worker] o.a.kafka.common.utils.AppInfoParser     : Kafka startTimeMs: 1755445627386
2025-08-17T18:47:07.387+03:00  INFO 24165 --- [    Test worker] fkaConsumerFactory$ExtendedKafkaConsumer : [Consumer clientId=consumer-driver-service-2, groupId=driver-service] Subscribed to topic(s): payment
2025-08-17T18:47:07.395+03:00  INFO 24165 --- [    Test worker] o.a.k.clients.consumer.ConsumerConfig    : ConsumerConfig values: 
	allow.auto.create.topics = true
	auto.commit.interval.ms = 5000
	auto.include.jmx.reporter = true
	auto.offset.reset = latest
	bootstrap.servers = [localhost:9092]
	check.crcs = true
	client.dns.lookup = use_all_dns_ips
	client.id = consumer-driver-service-3
	client.rack = 
	connections.max.idle.ms = 540000
	default.api.timeout.ms = 60000
	enable.auto.commit = false
	exclude.internal.topics = true
	fetch.max.bytes = 52428800
	fetch.max.wait.ms = 500
	fetch.min.bytes = 1
	group.id = driver-service
	group.instance.id = null
	heartbeat.interval.ms = 3000
	interceptor.classes = []
	internal.leave.group.on.close = true
	internal.throw.on.fetch.stable.offset.unsupported = false
	isolation.level = read_uncommitted
	key.deserializer = class org.apache.kafka.common.serialization.StringDeserializer
	max.partition.fetch.bytes = 1048576
	max.poll.interval.ms = 300000
	max.poll.records = 500
	metadata.max.age.ms = 300000
	metric.reporters = []
	metrics.num.samples = 2
	metrics.recording.level = INFO
	metrics.sample.window.ms = 30000
	partition.assignment.strategy = [class org.apache.kafka.clients.consumer.RangeAssignor, class org.apache.kafka.clients.consumer.CooperativeStickyAssignor]
	receive.buffer.bytes = 65536
	reconnect.backoff.max.ms = 1000
	reconnect.backoff.ms = 50
	request.timeout.ms = 30000
	retry.backoff.ms = 100
	sasl.client.callback.handler.class = null
	sasl.jaas.config = null
	sasl.kerberos.kinit.cmd = /usr/bin/kinit
	sasl.kerberos.min.time.before.relogin = 60000
	sasl.kerberos.service.name = null
	sasl.kerberos.ticket.renew.jitter = 0.05
	sasl.kerberos.ticket.renew.window.factor = 0.8
	sasl.login.callback.handler.class = null
	sasl.login.class = null
	sasl.login.connect.timeout.ms = null
	sasl.login.read.timeout.ms = null
	sasl.login.refresh.buffer.seconds = 300
	sasl.login.refresh.min.period.seconds = 60
	sasl.login.refresh.window.factor = 0.8
	sasl.login.refresh.window.jitter = 0.05
	sasl.login.retry.backoff.max.ms = 10000
	sasl.login.retry.backoff.ms = 100
	sasl.mechanism = GSSAPI
	sasl.oauthbearer.clock.skew.seconds = 30
	sasl.oauthbearer.expected.audience = null
	sasl.oauthbearer.expected.issuer = null
	sasl.oauthbearer.jwks.endpoint.refresh.ms = 3600000
	sasl.oauthbearer.jwks.endpoint.retry.backoff.max.ms = 10000
	sasl.oauthbearer.jwks.endpoint.retry.backoff.ms = 100
	sasl.oauthbearer.jwks.endpoint.url = null
	sasl.oauthbearer.scope.claim.name = scope
	sasl.oauthbearer.sub.claim.name = sub
	sasl.oauthbearer.token.endpoint.url = null
	security.protocol = PLAINTEXT
	security.providers = null
	send.buffer.bytes = 131072
	session.timeout.ms = 45000
	socket.connection.setup.timeout.max.ms = 30000
	socket.connection.setup.timeout.ms = 10000
	ssl.cipher.suites = null
	ssl.enabled.protocols = [TLSv1.2, TLSv1.3]
	ssl.endpoint.identification.algorithm = https
	ssl.engine.factory.class = null
	ssl.key.password = null
	ssl.keymanager.algorithm = SunX509
	ssl.keystore.certificate.chain = null
	ssl.keystore.key = null
	ssl.keystore.location = null
	ssl.keystore.password = null
	ssl.keystore.type = JKS
	ssl.protocol = TLSv1.3
	ssl.provider = null
	ssl.secure.random.implementation = null
	ssl.trustmanager.algorithm = PKIX
	ssl.truststore.certificates = null
	ssl.truststore.location = null
	ssl.truststore.password = null
	ssl.truststore.type = JKS
	value.deserializer = class org.apache.kafka.common.serialization.StringDeserializer

2025-08-17T18:47:07.398+03:00  INFO 24165 --- [ntainer#6-0-C-1] org.apache.kafka.clients.Metadata        : [Consumer clientId=consumer-driver-service-1, groupId=driver-service] Cluster ID: AuYY_E_wRUO4X7C7gDPVkg
2025-08-17T18:47:07.400+03:00  INFO 24165 --- [ntainer#2-0-C-1] org.apache.kafka.clients.Metadata        : [Consumer clientId=consumer-driver-service-2, groupId=driver-service] Cluster ID: AuYY_E_wRUO4X7C7gDPVkg
2025-08-17T18:47:07.403+03:00  INFO 24165 --- [    Test worker] o.a.kafka.common.utils.AppInfoParser     : Kafka version: 3.6.2
2025-08-17T18:47:07.403+03:00  INFO 24165 --- [    Test worker] o.a.kafka.common.utils.AppInfoParser     : Kafka commitId: c4deed513057c94e
2025-08-17T18:47:07.403+03:00  INFO 24165 --- [    Test worker] o.a.kafka.common.utils.AppInfoParser     : Kafka startTimeMs: 1755445627403
2025-08-17T18:47:07.403+03:00  INFO 24165 --- [    Test worker] fkaConsumerFactory$ExtendedKafkaConsumer : [Consumer clientId=consumer-driver-service-3, groupId=driver-service] Subscribed to topic(s): ride-create-request
2025-08-17T18:47:07.404+03:00  INFO 24165 --- [ntainer#6-0-C-1] o.a.k.c.c.internals.ConsumerCoordinator  : [Consumer clientId=consumer-driver-service-1, groupId=driver-service] Discovered group coordinator localhost:9092 (id: 2147483646 rack: null)
2025-08-17T18:47:07.404+03:00  INFO 24165 --- [ntainer#2-0-C-1] o.a.k.c.c.internals.ConsumerCoordinator  : [Consumer clientId=consumer-driver-service-2, groupId=driver-service] Discovered group coordinator localhost:9092 (id: 2147483646 rack: null)
2025-08-17T18:47:07.406+03:00  INFO 24165 --- [    Test worker] o.a.k.clients.consumer.ConsumerConfig    : ConsumerConfig values: 
	allow.auto.create.topics = true
	auto.commit.interval.ms = 5000
	auto.include.jmx.reporter = true
	auto.offset.reset = latest
	bootstrap.servers = [localhost:9092]
	check.crcs = true
	client.dns.lookup = use_all_dns_ips
	client.id = consumer-driver-service-4
	client.rack = 
	connections.max.idle.ms = 540000
	default.api.timeout.ms = 60000
	enable.auto.commit = false
	exclude.internal.topics = true
	fetch.max.bytes = 52428800
	fetch.max.wait.ms = 500
	fetch.min.bytes = 1
	group.id = driver-service
	group.instance.id = null
	heartbeat.interval.ms = 3000
	interceptor.classes = []
	internal.leave.group.on.close = true
	internal.throw.on.fetch.stable.offset.unsupported = false
	isolation.level = read_uncommitted
	key.deserializer = class org.apache.kafka.common.serialization.StringDeserializer
	max.partition.fetch.bytes = 1048576
	max.poll.interval.ms = 300000
	max.poll.records = 500
	metadata.max.age.ms = 300000
	metric.reporters = []
	metrics.num.samples = 2
	metrics.recording.level = INFO
	metrics.sample.window.ms = 30000
	partition.assignment.strategy = [class org.apache.kafka.clients.consumer.RangeAssignor, class org.apache.kafka.clients.consumer.CooperativeStickyAssignor]
	receive.buffer.bytes = 65536
	reconnect.backoff.max.ms = 1000
	reconnect.backoff.ms = 50
	request.timeout.ms = 30000
	retry.backoff.ms = 100
	sasl.client.callback.handler.class = null
	sasl.jaas.config = null
	sasl.kerberos.kinit.cmd = /usr/bin/kinit
	sasl.kerberos.min.time.before.relogin = 60000
	sasl.kerberos.service.name = null
	sasl.kerberos.ticket.renew.jitter = 0.05
	sasl.kerberos.ticket.renew.window.factor = 0.8
	sasl.login.callback.handler.class = null
	sasl.login.class = null
	sasl.login.connect.timeout.ms = null
	sasl.login.read.timeout.ms = null
	sasl.login.refresh.buffer.seconds = 300
	sasl.login.refresh.min.period.seconds = 60
	sasl.login.refresh.window.factor = 0.8
	sasl.login.refresh.window.jitter = 0.05
	sasl.login.retry.backoff.max.ms = 10000
	sasl.login.retry.backoff.ms = 100
	sasl.mechanism = GSSAPI
	sasl.oauthbearer.clock.skew.seconds = 30
	sasl.oauthbearer.expected.audience = null
	sasl.oauthbearer.expected.issuer = null
	sasl.oauthbearer.jwks.endpoint.refresh.ms = 3600000
	sasl.oauthbearer.jwks.endpoint.retry.backoff.max.ms = 10000
	sasl.oauthbearer.jwks.endpoint.retry.backoff.ms = 100
	sasl.oauthbearer.jwks.endpoint.url = null
	sasl.oauthbearer.scope.claim.name = scope
	sasl.oauthbearer.sub.claim.name = sub
	sasl.oauthbearer.token.endpoint.url = null
	security.protocol = PLAINTEXT
	security.providers = null
	send.buffer.bytes = 131072
	session.timeout.ms = 45000
	socket.connection.setup.timeout.max.ms = 30000
	socket.connection.setup.timeout.ms = 10000
	ssl.cipher.suites = null
	ssl.enabled.protocols = [TLSv1.2, TLSv1.3]
	ssl.endpoint.identification.algorithm = https
	ssl.engine.factory.class = null
	ssl.key.password = null
	ssl.keymanager.algorithm = SunX509
	ssl.keystore.certificate.chain = null
	ssl.keystore.key = null
	ssl.keystore.location = null
	ssl.keystore.password = null
	ssl.keystore.type = JKS
	ssl.protocol = TLSv1.3
	ssl.provider = null
	ssl.secure.random.implementation = null
	ssl.trustmanager.algorithm = PKIX
	ssl.truststore.certificates = null
	ssl.truststore.location = null
	ssl.truststore.password = null
	ssl.truststore.type = JKS
	value.deserializer = class org.apache.kafka.common.serialization.StringDeserializer

2025-08-17T18:47:07.406+03:00  INFO 24165 --- [ntainer#6-0-C-1] o.a.k.c.c.internals.ConsumerCoordinator  : [Consumer clientId=consumer-driver-service-1, groupId=driver-service] (Re-)joining group
2025-08-17T18:47:07.407+03:00  INFO 24165 --- [ntainer#2-0-C-1] o.a.k.c.c.internals.ConsumerCoordinator  : [Consumer clientId=consumer-driver-service-2, groupId=driver-service] (Re-)joining group
2025-08-17T18:47:07.412+03:00  INFO 24165 --- [    Test worker] o.a.kafka.common.utils.AppInfoParser     : Kafka version: 3.6.2
2025-08-17T18:47:07.412+03:00  INFO 24165 --- [    Test worker] o.a.kafka.common.utils.AppInfoParser     : Kafka commitId: c4deed513057c94e
2025-08-17T18:47:07.413+03:00  INFO 24165 --- [    Test worker] o.a.kafka.common.utils.AppInfoParser     : Kafka startTimeMs: 1755445627412
2025-08-17T18:47:07.413+03:00  INFO 24165 --- [    Test worker] fkaConsumerFactory$ExtendedKafkaConsumer : [Consumer clientId=consumer-driver-service-4, groupId=driver-service] Subscribed to topic(s): driver-ride-request
2025-08-17T18:47:07.414+03:00  INFO 24165 --- [ntainer#3-0-C-1] org.apache.kafka.clients.Metadata        : [Consumer clientId=consumer-driver-service-3, groupId=driver-service] Cluster ID: AuYY_E_wRUO4X7C7gDPVkg
2025-08-17T18:47:07.415+03:00  INFO 24165 --- [    Test worker] o.a.k.clients.consumer.ConsumerConfig    : ConsumerConfig values: 
	allow.auto.create.topics = true
	auto.commit.interval.ms = 5000
	auto.include.jmx.reporter = true
	auto.offset.reset = latest
	bootstrap.servers = [localhost:9092]
	check.crcs = true
	client.dns.lookup = use_all_dns_ips
	client.id = consumer-driver-service-5
	client.rack = 
	connections.max.idle.ms = 540000
	default.api.timeout.ms = 60000
	enable.auto.commit = false
	exclude.internal.topics = true
	fetch.max.bytes = 52428800
	fetch.max.wait.ms = 500
	fetch.min.bytes = 1
	group.id = driver-service
	group.instance.id = null
	heartbeat.interval.ms = 3000
	interceptor.classes = []
	internal.leave.group.on.close = true
	internal.throw.on.fetch.stable.offset.unsupported = false
	isolation.level = read_uncommitted
	key.deserializer = class org.apache.kafka.common.serialization.StringDeserializer
	max.partition.fetch.bytes = 1048576
	max.poll.interval.ms = 300000
	max.poll.records = 500
	metadata.max.age.ms = 300000
	metric.reporters = []
	metrics.num.samples = 2
	metrics.recording.level = INFO
	metrics.sample.window.ms = 30000
	partition.assignment.strategy = [class org.apache.kafka.clients.consumer.RangeAssignor, class org.apache.kafka.clients.consumer.CooperativeStickyAssignor]
	receive.buffer.bytes = 65536
	reconnect.backoff.max.ms = 1000
	reconnect.backoff.ms = 50
	request.timeout.ms = 30000
	retry.backoff.ms = 100
	sasl.client.callback.handler.class = null
	sasl.jaas.config = null
	sasl.kerberos.kinit.cmd = /usr/bin/kinit
	sasl.kerberos.min.time.before.relogin = 60000
	sasl.kerberos.service.name = null
	sasl.kerberos.ticket.renew.jitter = 0.05
	sasl.kerberos.ticket.renew.window.factor = 0.8
	sasl.login.callback.handler.class = null
	sasl.login.class = null
	sasl.login.connect.timeout.ms = null
	sasl.login.read.timeout.ms = null
	sasl.login.refresh.buffer.seconds = 300
	sasl.login.refresh.min.period.seconds = 60
	sasl.login.refresh.window.factor = 0.8
	sasl.login.refresh.window.jitter = 0.05
	sasl.login.retry.backoff.max.ms = 10000
	sasl.login.retry.backoff.ms = 100
	sasl.mechanism = GSSAPI
	sasl.oauthbearer.clock.skew.seconds = 30
	sasl.oauthbearer.expected.audience = null
	sasl.oauthbearer.expected.issuer = null
	sasl.oauthbearer.jwks.endpoint.refresh.ms = 3600000
	sasl.oauthbearer.jwks.endpoint.retry.backoff.max.ms = 10000
	sasl.oauthbearer.jwks.endpoint.retry.backoff.ms = 100
	sasl.oauthbearer.jwks.endpoint.url = null
	sasl.oauthbearer.scope.claim.name = scope
	sasl.oauthbearer.sub.claim.name = sub
	sasl.oauthbearer.token.endpoint.url = null
	security.protocol = PLAINTEXT
	security.providers = null
	send.buffer.bytes = 131072
	session.timeout.ms = 45000
	socket.connection.setup.timeout.max.ms = 30000
	socket.connection.setup.timeout.ms = 10000
	ssl.cipher.suites = null
	ssl.enabled.protocols = [TLSv1.2, TLSv1.3]
	ssl.endpoint.identification.algorithm = https
	ssl.engine.factory.class = null
	ssl.key.password = null
	ssl.keymanager.algorithm = SunX509
	ssl.keystore.certificate.chain = null
	ssl.keystore.key = null
	ssl.keystore.location = null
	ssl.keystore.password = null
	ssl.keystore.type = JKS
	ssl.protocol = TLSv1.3
	ssl.provider = null
	ssl.secure.random.implementation = null
	ssl.trustmanager.algorithm = PKIX
	ssl.truststore.certificates = null
	ssl.truststore.location = null
	ssl.truststore.password = null
	ssl.truststore.type = JKS
	value.deserializer = class org.apache.kafka.common.serialization.StringDeserializer

2025-08-17T18:47:07.417+03:00  INFO 24165 --- [ntainer#3-0-C-1] o.a.k.c.c.internals.ConsumerCoordinator  : [Consumer clientId=consumer-driver-service-3, groupId=driver-service] Discovered group coordinator localhost:9092 (id: 2147483646 rack: null)
2025-08-17T18:47:07.419+03:00  INFO 24165 --- [ntainer#3-0-C-1] o.a.k.c.c.internals.ConsumerCoordinator  : [Consumer clientId=consumer-driver-service-3, groupId=driver-service] (Re-)joining group
2025-08-17T18:47:07.420+03:00  INFO 24165 --- [ntainer#4-0-C-1] org.apache.kafka.clients.Metadata        : [Consumer clientId=consumer-driver-service-4, groupId=driver-service] Cluster ID: AuYY_E_wRUO4X7C7gDPVkg
2025-08-17T18:47:07.421+03:00  INFO 24165 --- [ntainer#4-0-C-1] o.a.k.c.c.internals.ConsumerCoordinator  : [Consumer clientId=consumer-driver-service-4, groupId=driver-service] Discovered group coordinator localhost:9092 (id: 2147483646 rack: null)
2025-08-17T18:47:07.422+03:00  INFO 24165 --- [ntainer#4-0-C-1] o.a.k.c.c.internals.ConsumerCoordinator  : [Consumer clientId=consumer-driver-service-4, groupId=driver-service] (Re-)joining group
2025-08-17T18:47:07.425+03:00  INFO 24165 --- [    Test worker] o.a.kafka.common.utils.AppInfoParser     : Kafka version: 3.6.2
2025-08-17T18:47:07.425+03:00  INFO 24165 --- [    Test worker] o.a.kafka.common.utils.AppInfoParser     : Kafka commitId: c4deed513057c94e
2025-08-17T18:47:07.425+03:00  INFO 24165 --- [    Test worker] o.a.kafka.common.utils.AppInfoParser     : Kafka startTimeMs: 1755445627425
2025-08-17T18:47:07.425+03:00  INFO 24165 --- [    Test worker] fkaConsumerFactory$ExtendedKafkaConsumer : [Consumer clientId=consumer-driver-service-5, groupId=driver-service] Subscribed to topic(s): ride-assigned
2025-08-17T18:47:07.427+03:00  INFO 24165 --- [    Test worker] o.a.k.clients.consumer.ConsumerConfig    : ConsumerConfig values: 
	allow.auto.create.topics = true
	auto.commit.interval.ms = 5000
	auto.include.jmx.reporter = true
	auto.offset.reset = latest
	bootstrap.servers = [localhost:9092]
	check.crcs = true
	client.dns.lookup = use_all_dns_ips
	client.id = consumer-driver-service-6
	client.rack = 
	connections.max.idle.ms = 540000
	default.api.timeout.ms = 60000
	enable.auto.commit = false
	exclude.internal.topics = true
	fetch.max.bytes = 52428800
	fetch.max.wait.ms = 500
	fetch.min.bytes = 1
	group.id = driver-service
	group.instance.id = null
	heartbeat.interval.ms = 3000
	interceptor.classes = []
	internal.leave.group.on.close = true
	internal.throw.on.fetch.stable.offset.unsupported = false
	isolation.level = read_uncommitted
	key.deserializer = class org.apache.kafka.common.serialization.StringDeserializer
	max.partition.fetch.bytes = 1048576
	max.poll.interval.ms = 300000
	max.poll.records = 500
	metadata.max.age.ms = 300000
	metric.reporters = []
	metrics.num.samples = 2
	metrics.recording.level = INFO
	metrics.sample.window.ms = 30000
	partition.assignment.strategy = [class org.apache.kafka.clients.consumer.RangeAssignor, class org.apache.kafka.clients.consumer.CooperativeStickyAssignor]
	receive.buffer.bytes = 65536
	reconnect.backoff.max.ms = 1000
	reconnect.backoff.ms = 50
	request.timeout.ms = 30000
	retry.backoff.ms = 100
	sasl.client.callback.handler.class = null
	sasl.jaas.config = null
	sasl.kerberos.kinit.cmd = /usr/bin/kinit
	sasl.kerberos.min.time.before.relogin = 60000
	sasl.kerberos.service.name = null
	sasl.kerberos.ticket.renew.jitter = 0.05
	sasl.kerberos.ticket.renew.window.factor = 0.8
	sasl.login.callback.handler.class = null
	sasl.login.class = null
	sasl.login.connect.timeout.ms = null
	sasl.login.read.timeout.ms = null
	sasl.login.refresh.buffer.seconds = 300
	sasl.login.refresh.min.period.seconds = 60
	sasl.login.refresh.window.factor = 0.8
	sasl.login.refresh.window.jitter = 0.05
	sasl.login.retry.backoff.max.ms = 10000
	sasl.login.retry.backoff.ms = 100
	sasl.mechanism = GSSAPI
	sasl.oauthbearer.clock.skew.seconds = 30
	sasl.oauthbearer.expected.audience = null
	sasl.oauthbearer.expected.issuer = null
	sasl.oauthbearer.jwks.endpoint.refresh.ms = 3600000
	sasl.oauthbearer.jwks.endpoint.retry.backoff.max.ms = 10000
	sasl.oauthbearer.jwks.endpoint.retry.backoff.ms = 100
	sasl.oauthbearer.jwks.endpoint.url = null
	sasl.oauthbearer.scope.claim.name = scope
	sasl.oauthbearer.sub.claim.name = sub
	sasl.oauthbearer.token.endpoint.url = null
	security.protocol = PLAINTEXT
	security.providers = null
	send.buffer.bytes = 131072
	session.timeout.ms = 45000
	socket.connection.setup.timeout.max.ms = 30000
	socket.connection.setup.timeout.ms = 10000
	ssl.cipher.suites = null
	ssl.enabled.protocols = [TLSv1.2, TLSv1.3]
	ssl.endpoint.identification.algorithm = https
	ssl.engine.factory.class = null
	ssl.key.password = null
	ssl.keymanager.algorithm = SunX509
	ssl.keystore.certificate.chain = null
	ssl.keystore.key = null
	ssl.keystore.location = null
	ssl.keystore.password = null
	ssl.keystore.type = JKS
	ssl.protocol = TLSv1.3
	ssl.provider = null
	ssl.secure.random.implementation = null
	ssl.trustmanager.algorithm = PKIX
	ssl.truststore.certificates = null
	ssl.truststore.location = null
	ssl.truststore.password = null
	ssl.truststore.type = JKS
	value.deserializer = class org.apache.kafka.common.serialization.StringDeserializer

2025-08-17T18:47:07.432+03:00  INFO 24165 --- [ntainer#5-0-C-1] org.apache.kafka.clients.Metadata        : [Consumer clientId=consumer-driver-service-5, groupId=driver-service] Cluster ID: AuYY_E_wRUO4X7C7gDPVkg
2025-08-17T18:47:07.433+03:00  INFO 24165 --- [ntainer#5-0-C-1] o.a.k.c.c.internals.ConsumerCoordinator  : [Consumer clientId=consumer-driver-service-5, groupId=driver-service] Discovered group coordinator localhost:9092 (id: 2147483646 rack: null)
2025-08-17T18:47:07.433+03:00  INFO 24165 --- [    Test worker] o.a.kafka.common.utils.AppInfoParser     : Kafka version: 3.6.2
2025-08-17T18:47:07.434+03:00  INFO 24165 --- [    Test worker] o.a.kafka.common.utils.AppInfoParser     : Kafka commitId: c4deed513057c94e
2025-08-17T18:47:07.434+03:00  INFO 24165 --- [    Test worker] o.a.kafka.common.utils.AppInfoParser     : Kafka startTimeMs: 1755445627433
2025-08-17T18:47:07.434+03:00  INFO 24165 --- [    Test worker] fkaConsumerFactory$ExtendedKafkaConsumer : [Consumer clientId=consumer-driver-service-6, groupId=driver-service] Subscribed to topic(s): driver-status
2025-08-17T18:47:07.434+03:00  INFO 24165 --- [ntainer#5-0-C-1] o.a.k.c.c.internals.ConsumerCoordinator  : [Consumer clientId=consumer-driver-service-5, groupId=driver-service] (Re-)joining group
2025-08-17T18:47:07.435+03:00  INFO 24165 --- [ntainer#2-0-C-1] o.a.k.c.c.internals.ConsumerCoordinator  : [Consumer clientId=consumer-driver-service-2, groupId=driver-service] Request joining group due to: need to re-join with the given member-id: consumer-driver-service-2-dd3550b3-1ce5-4005-9da1-9e7cff0f26a3
2025-08-17T18:47:07.435+03:00  INFO 24165 --- [ntainer#2-0-C-1] o.a.k.c.c.internals.ConsumerCoordinator  : [Consumer clientId=consumer-driver-service-2, groupId=driver-service] Request joining group due to: rebalance failed due to 'The group member needs to have a valid member id before actually entering a consumer group.' (MemberIdRequiredException)
2025-08-17T18:47:07.435+03:00  INFO 24165 --- [ntainer#2-0-C-1] o.a.k.c.c.internals.ConsumerCoordinator  : [Consumer clientId=consumer-driver-service-2, groupId=driver-service] (Re-)joining group
2025-08-17T18:47:07.436+03:00  INFO 24165 --- [ntainer#6-0-C-1] o.a.k.c.c.internals.ConsumerCoordinator  : [Consumer clientId=consumer-driver-service-1, groupId=driver-service] Request joining group due to: need to re-join with the given member-id: consumer-driver-service-1-6efdf690-ad77-4261-8049-c577a792cfd0
2025-08-17T18:47:07.436+03:00  INFO 24165 --- [ntainer#3-0-C-1] o.a.k.c.c.internals.ConsumerCoordinator  : [Consumer clientId=consumer-driver-service-3, groupId=driver-service] Request joining group due to: need to re-join with the given member-id: consumer-driver-service-3-96324e3a-1f2d-48b6-8e7f-17b573212a46
2025-08-17T18:47:07.436+03:00  INFO 24165 --- [ntainer#6-0-C-1] o.a.k.c.c.internals.ConsumerCoordinator  : [Consumer clientId=consumer-driver-service-1, groupId=driver-service] Request joining group due to: rebalance failed due to 'The group member needs to have a valid member id before actually entering a consumer group.' (MemberIdRequiredException)
2025-08-17T18:47:07.436+03:00  INFO 24165 --- [ntainer#6-0-C-1] o.a.k.c.c.internals.ConsumerCoordinator  : [Consumer clientId=consumer-driver-service-1, groupId=driver-service] (Re-)joining group
2025-08-17T18:47:07.436+03:00  INFO 24165 --- [ntainer#3-0-C-1] o.a.k.c.c.internals.ConsumerCoordinator  : [Consumer clientId=consumer-driver-service-3, groupId=driver-service] Request joining group due to: rebalance failed due to 'The group member needs to have a valid member id before actually entering a consumer group.' (MemberIdRequiredException)
2025-08-17T18:47:07.437+03:00  INFO 24165 --- [ntainer#3-0-C-1] o.a.k.c.c.internals.ConsumerCoordinator  : [Consumer clientId=consumer-driver-service-3, groupId=driver-service] (Re-)joining group
2025-08-17T18:47:07.438+03:00  INFO 24165 --- [    Test worker] o.a.k.clients.consumer.ConsumerConfig    : ConsumerConfig values: 
	allow.auto.create.topics = true
	auto.commit.interval.ms = 5000
	auto.include.jmx.reporter = true
	auto.offset.reset = latest
	bootstrap.servers = [localhost:9092]
	check.crcs = true
	client.dns.lookup = use_all_dns_ips
	client.id = consumer-driver-service-7
	client.rack = 
	connections.max.idle.ms = 540000
	default.api.timeout.ms = 60000
	enable.auto.commit = false
	exclude.internal.topics = true
	fetch.max.bytes = 52428800
	fetch.max.wait.ms = 500
	fetch.min.bytes = 1
	group.id = driver-service
	group.instance.id = null
	heartbeat.interval.ms = 3000
	interceptor.classes = []
	internal.leave.group.on.close = true
	internal.throw.on.fetch.stable.offset.unsupported = false
	isolation.level = read_uncommitted
	key.deserializer = class org.apache.kafka.common.serialization.StringDeserializer
	max.partition.fetch.bytes = 1048576
	max.poll.interval.ms = 300000
	max.poll.records = 500
	metadata.max.age.ms = 300000
	metric.reporters = []
	metrics.num.samples = 2
	metrics.recording.level = INFO
	metrics.sample.window.ms = 30000
	partition.assignment.strategy = [class org.apache.kafka.clients.consumer.RangeAssignor, class org.apache.kafka.clients.consumer.CooperativeStickyAssignor]
	receive.buffer.bytes = 65536
	reconnect.backoff.max.ms = 1000
	reconnect.backoff.ms = 50
	request.timeout.ms = 30000
	retry.backoff.ms = 100
	sasl.client.callback.handler.class = null
	sasl.jaas.config = null
	sasl.kerberos.kinit.cmd = /usr/bin/kinit
	sasl.kerberos.min.time.before.relogin = 60000
	sasl.kerberos.service.name = null
	sasl.kerberos.ticket.renew.jitter = 0.05
	sasl.kerberos.ticket.renew.window.factor = 0.8
	sasl.login.callback.handler.class = null
	sasl.login.class = null
	sasl.login.connect.timeout.ms = null
	sasl.login.read.timeout.ms = null
	sasl.login.refresh.buffer.seconds = 300
	sasl.login.refresh.min.period.seconds = 60
	sasl.login.refresh.window.factor = 0.8
	sasl.login.refresh.window.jitter = 0.05
	sasl.login.retry.backoff.max.ms = 10000
	sasl.login.retry.backoff.ms = 100
	sasl.mechanism = GSSAPI
	sasl.oauthbearer.clock.skew.seconds = 30
	sasl.oauthbearer.expected.audience = null
	sasl.oauthbearer.expected.issuer = null
	sasl.oauthbearer.jwks.endpoint.refresh.ms = 3600000
	sasl.oauthbearer.jwks.endpoint.retry.backoff.max.ms = 10000
	sasl.oauthbearer.jwks.endpoint.retry.backoff.ms = 100
	sasl.oauthbearer.jwks.endpoint.url = null
	sasl.oauthbearer.scope.claim.name = scope
	sasl.oauthbearer.sub.claim.name = sub
	sasl.oauthbearer.token.endpoint.url = null
	security.protocol = PLAINTEXT
	security.providers = null
	send.buffer.bytes = 131072
	session.timeout.ms = 45000
	socket.connection.setup.timeout.max.ms = 30000
	socket.connection.setup.timeout.ms = 10000
	ssl.cipher.suites = null
	ssl.enabled.protocols = [TLSv1.2, TLSv1.3]
	ssl.endpoint.identification.algorithm = https
	ssl.engine.factory.class = null
	ssl.key.password = null
	ssl.keymanager.algorithm = SunX509
	ssl.keystore.certificate.chain = null
	ssl.keystore.key = null
	ssl.keystore.location = null
	ssl.keystore.password = null
	ssl.keystore.type = JKS
	ssl.protocol = TLSv1.3
	ssl.provider = null
	ssl.secure.random.implementation = null
	ssl.trustmanager.algorithm = PKIX
	ssl.truststore.certificates = null
	ssl.truststore.location = null
	ssl.truststore.password = null
	ssl.truststore.type = JKS
	value.deserializer = class org.apache.kafka.common.serialization.StringDeserializer

2025-08-17T18:47:07.440+03:00  INFO 24165 --- [ntainer#4-0-C-1] o.a.k.c.c.internals.ConsumerCoordinator  : [Consumer clientId=consumer-driver-service-4, groupId=driver-service] Request joining group due to: need to re-join with the given member-id: consumer-driver-service-4-e6634a32-f70f-4cae-aa7c-4b754ed4a293
2025-08-17T18:47:07.440+03:00  INFO 24165 --- [ntainer#4-0-C-1] o.a.k.c.c.internals.ConsumerCoordinator  : [Consumer clientId=consumer-driver-service-4, groupId=driver-service] Request joining group due to: rebalance failed due to 'The group member needs to have a valid member id before actually entering a consumer group.' (MemberIdRequiredException)
2025-08-17T18:47:07.440+03:00  INFO 24165 --- [ntainer#4-0-C-1] o.a.k.c.c.internals.ConsumerCoordinator  : [Consumer clientId=consumer-driver-service-4, groupId=driver-service] (Re-)joining group
2025-08-17T18:47:07.443+03:00  INFO 24165 --- [ntainer#0-0-C-1] org.apache.kafka.clients.Metadata        : [Consumer clientId=consumer-driver-service-6, groupId=driver-service] Cluster ID: AuYY_E_wRUO4X7C7gDPVkg
2025-08-17T18:47:07.444+03:00  INFO 24165 --- [ntainer#0-0-C-1] o.a.k.c.c.internals.ConsumerCoordinator  : [Consumer clientId=consumer-driver-service-6, groupId=driver-service] Discovered group coordinator localhost:9092 (id: 2147483646 rack: null)
2025-08-17T18:47:07.444+03:00  INFO 24165 --- [    Test worker] o.a.kafka.common.utils.AppInfoParser     : Kafka version: 3.6.2
2025-08-17T18:47:07.444+03:00  INFO 24165 --- [    Test worker] o.a.kafka.common.utils.AppInfoParser     : Kafka commitId: c4deed513057c94e
2025-08-17T18:47:07.444+03:00  INFO 24165 --- [    Test worker] o.a.kafka.common.utils.AppInfoParser     : Kafka startTimeMs: 1755445627444
2025-08-17T18:47:07.444+03:00  INFO 24165 --- [    Test worker] fkaConsumerFactory$ExtendedKafkaConsumer : [Consumer clientId=consumer-driver-service-7, groupId=driver-service] Subscribed to topic(s): find-driver
2025-08-17T18:47:07.446+03:00  INFO 24165 --- [ntainer#0-0-C-1] o.a.k.c.c.internals.ConsumerCoordinator  : [Consumer clientId=consumer-driver-service-6, groupId=driver-service] (Re-)joining group
2025-08-17T18:47:07.454+03:00  INFO 24165 --- [ntainer#1-0-C-1] org.apache.kafka.clients.Metadata        : [Consumer clientId=consumer-driver-service-7, groupId=driver-service] Cluster ID: AuYY_E_wRUO4X7C7gDPVkg
2025-08-17T18:47:07.456+03:00  INFO 24165 --- [ntainer#1-0-C-1] o.a.k.c.c.internals.ConsumerCoordinator  : [Consumer clientId=consumer-driver-service-7, groupId=driver-service] Discovered group coordinator localhost:9092 (id: 2147483646 rack: null)
2025-08-17T18:47:07.456+03:00  INFO 24165 --- [ntainer#5-0-C-1] o.a.k.c.c.internals.ConsumerCoordinator  : [Consumer clientId=consumer-driver-service-5, groupId=driver-service] Request joining group due to: need to re-join with the given member-id: consumer-driver-service-5-dfa19dbe-33be-4cfc-9e8a-3b27467a064c
2025-08-17T18:47:07.457+03:00  INFO 24165 --- [ntainer#5-0-C-1] o.a.k.c.c.internals.ConsumerCoordinator  : [Consumer clientId=consumer-driver-service-5, groupId=driver-service] Request joining group due to: rebalance failed due to 'The group member needs to have a valid member id before actually entering a consumer group.' (MemberIdRequiredException)
2025-08-17T18:47:07.457+03:00  INFO 24165 --- [ntainer#5-0-C-1] o.a.k.c.c.internals.ConsumerCoordinator  : [Consumer clientId=consumer-driver-service-5, groupId=driver-service] (Re-)joining group
2025-08-17T18:47:07.457+03:00  INFO 24165 --- [ntainer#1-0-C-1] o.a.k.c.c.internals.ConsumerCoordinator  : [Consumer clientId=consumer-driver-service-7, groupId=driver-service] (Re-)joining group
2025-08-17T18:47:07.457+03:00  INFO 24165 --- [ntainer#0-0-C-1] o.a.k.c.c.internals.ConsumerCoordinator  : [Consumer clientId=consumer-driver-service-6, groupId=driver-service] Request joining group due to: need to re-join with the given member-id: consumer-driver-service-6-317bf1cf-6e56-4407-8591-2ded5de2e3de
2025-08-17T18:47:07.458+03:00  INFO 24165 --- [ntainer#0-0-C-1] o.a.k.c.c.internals.ConsumerCoordinator  : [Consumer clientId=consumer-driver-service-6, groupId=driver-service] Request joining group due to: rebalance failed due to 'The group member needs to have a valid member id before actually entering a consumer group.' (MemberIdRequiredException)
2025-08-17T18:47:07.458+03:00  INFO 24165 --- [ntainer#0-0-C-1] o.a.k.c.c.internals.ConsumerCoordinator  : [Consumer clientId=consumer-driver-service-6, groupId=driver-service] (Re-)joining group
2025-08-17T18:47:07.464+03:00  INFO 24165 --- [ntainer#1-0-C-1] o.a.k.c.c.internals.ConsumerCoordinator  : [Consumer clientId=consumer-driver-service-7, groupId=driver-service] Request joining group due to: need to re-join with the given member-id: consumer-driver-service-7-bba7cd26-318c-4c2f-8c1f-917473c65a60
2025-08-17T18:47:07.464+03:00  INFO 24165 --- [ntainer#1-0-C-1] o.a.k.c.c.internals.ConsumerCoordinator  : [Consumer clientId=consumer-driver-service-7, groupId=driver-service] Request joining group due to: rebalance failed due to 'The group member needs to have a valid member id before actually entering a consumer group.' (MemberIdRequiredException)
2025-08-17T18:47:07.464+03:00  INFO 24165 --- [ntainer#1-0-C-1] o.a.k.c.c.internals.ConsumerCoordinator  : [Consumer clientId=consumer-driver-service-7, groupId=driver-service] (Re-)joining group
2025-08-17T18:47:07.474+03:00  INFO 24165 --- [    Test worker] r.s.web.controller.AuthControllerTest    : Started AuthControllerTest in 6.823 seconds (process running for 8.076)

MockHttpServletRequest:
      HTTP Method = POST
      Request URI = /register
       Parameters = {}
          Headers = [Content-Type:"application/json;charset=UTF-8", Content-Length:"48"]
             Body = {
	"login": "fdszsdcsd",
	"password": "12345"
}

    Session Attrs = {}

Handler:
             Type = ru.site.web.controller.AuthController
           Method = ru.site.web.controller.AuthController#register(JwtRequest)

Async:
    Async started = false
     Async result = null

Resolved Exception:
             Type = null

ModelAndView:
        View name = null
             View = null
            Model = null

FlashMap:
       Attributes = null

MockHttpServletResponse:
           Status = 201
    Error message = null
          Headers = [Vary:"Origin", "Access-Control-Request-Method", "Access-Control-Request-Headers", Content-Type:"application/json", X-Content-Type-Options:"nosniff", X-XSS-Protection:"0", Cache-Control:"no-cache, no-store, max-age=0, must-revalidate", Pragma:"no-cache", Expires:"0", X-Frame-Options:"DENY"]
     Content type = application/json
             Body = {"message":"Пользователь успешно зарегистрирован"}
    Forwarded URL = null
   Redirected URL = null
          Cookies = []

MockHttpServletRequest:
      HTTP Method = POST
      Request URI = /register
       Parameters = {}
          Headers = [Content-Type:"application/json;charset=UTF-8", Content-Length:"48"]
             Body = {
	"login": "fdszsdcsd",
	"password": "12345"
}

    Session Attrs = {}

Handler:
             Type = ru.site.web.controller.AuthController
           Method = ru.site.web.controller.AuthController#register(JwtRequest)

Async:
    Async started = false
     Async result = null

Resolved Exception:
             Type = org.springframework.dao.DuplicateKeyException

ModelAndView:
        View name = null
             View = null
            Model = null

FlashMap:
       Attributes = null

MockHttpServletResponse:
           Status = 500
    Error message = null
          Headers = [Vary:"Origin", "Access-Control-Request-Method", "Access-Control-Request-Headers", Content-Type:"application/json", X-Content-Type-Options:"nosniff", X-XSS-Protection:"0", Cache-Control:"no-cache, no-store, max-age=0, must-revalidate", Pragma:"no-cache", Expires:"0", X-Frame-Options:"DENY"]
     Content type = application/json
             Body = {"exception":"DuplicateKeyException","error":"Внутренняя ошибка сервера","message":"User with this login already exists"}
    Forwarded URL = null
   Redirected URL = null
          Cookies = []
2025-08-17T18:47:08.796+03:00  INFO 24165 --- [ntainer#6-0-C-1] o.a.k.c.c.internals.ConsumerCoordinator  : [Consumer clientId=consumer-driver-service-1, groupId=driver-service] Member consumer-driver-service-1-6efdf690-ad77-4261-8049-c577a792cfd0 sending LeaveGroup request to coordinator localhost:9092 (id: 2147483646 rack: null) due to the consumer unsubscribed from all topics
2025-08-17T18:47:08.796+03:00  INFO 24165 --- [ntainer#3-0-C-1] o.a.k.c.c.internals.ConsumerCoordinator  : [Consumer clientId=consumer-driver-service-3, groupId=driver-service] Member consumer-driver-service-3-96324e3a-1f2d-48b6-8e7f-17b573212a46 sending LeaveGroup request to coordinator localhost:9092 (id: 2147483646 rack: null) due to the consumer unsubscribed from all topics
2025-08-17T18:47:08.796+03:00  INFO 24165 --- [ntainer#1-0-C-1] o.a.k.c.c.internals.ConsumerCoordinator  : [Consumer clientId=consumer-driver-service-7, groupId=driver-service] Member consumer-driver-service-7-bba7cd26-318c-4c2f-8c1f-917473c65a60 sending LeaveGroup request to coordinator localhost:9092 (id: 2147483646 rack: null) due to the consumer unsubscribed from all topics
2025-08-17T18:47:08.796+03:00  INFO 24165 --- [ntainer#5-0-C-1] o.a.k.c.c.internals.ConsumerCoordinator  : [Consumer clientId=consumer-driver-service-5, groupId=driver-service] Member consumer-driver-service-5-dfa19dbe-33be-4cfc-9e8a-3b27467a064c sending LeaveGroup request to coordinator localhost:9092 (id: 2147483646 rack: null) due to the consumer unsubscribed from all topics
2025-08-17T18:47:08.796+03:00  INFO 24165 --- [ntainer#4-0-C-1] o.a.k.c.c.internals.ConsumerCoordinator  : [Consumer clientId=consumer-driver-service-4, groupId=driver-service] Member consumer-driver-service-4-e6634a32-f70f-4cae-aa7c-4b754ed4a293 sending LeaveGroup request to coordinator localhost:9092 (id: 2147483646 rack: null) due to the consumer unsubscribed from all topics
2025-08-17T18:47:08.796+03:00  INFO 24165 --- [ntainer#2-0-C-1] o.a.k.c.c.internals.ConsumerCoordinator  : [Consumer clientId=consumer-driver-service-2, groupId=driver-service] Member consumer-driver-service-2-dd3550b3-1ce5-4005-9da1-9e7cff0f26a3 sending LeaveGroup request to coordinator localhost:9092 (id: 2147483646 rack: null) due to the consumer unsubscribed from all topics
2025-08-17T18:47:08.796+03:00  INFO 24165 --- [ntainer#0-0-C-1] o.a.k.c.c.internals.ConsumerCoordinator  : [Consumer clientId=consumer-driver-service-6, groupId=driver-service] Member consumer-driver-service-6-317bf1cf-6e56-4407-8591-2ded5de2e3de sending LeaveGroup request to coordinator localhost:9092 (id: 2147483646 rack: null) due to the consumer unsubscribed from all topics
2025-08-17T18:47:08.797+03:00  INFO 24165 --- [ntainer#1-0-C-1] o.a.k.c.c.internals.ConsumerCoordinator  : [Consumer clientId=consumer-driver-service-7, groupId=driver-service] Resetting generation and member id due to: consumer pro-actively leaving the group
2025-08-17T18:47:08.797+03:00  INFO 24165 --- [ntainer#1-0-C-1] o.a.k.c.c.internals.ConsumerCoordinator  : [Consumer clientId=consumer-driver-service-7, groupId=driver-service] Request joining group due to: consumer pro-actively leaving the group
2025-08-17T18:47:08.797+03:00  INFO 24165 --- [ntainer#1-0-C-1] fkaConsumerFactory$ExtendedKafkaConsumer : [Consumer clientId=consumer-driver-service-7, groupId=driver-service] Unsubscribed all topics or patterns and assigned partitions
2025-08-17T18:47:08.797+03:00  INFO 24165 --- [ntainer#6-0-C-1] o.a.k.c.c.internals.ConsumerCoordinator  : [Consumer clientId=consumer-driver-service-1, groupId=driver-service] Resetting generation and member id due to: consumer pro-actively leaving the group
2025-08-17T18:47:08.797+03:00  INFO 24165 --- [ntainer#6-0-C-1] o.a.k.c.c.internals.ConsumerCoordinator  : [Consumer clientId=consumer-driver-service-1, groupId=driver-service] Request joining group due to: consumer pro-actively leaving the group
2025-08-17T18:47:08.797+03:00  INFO 24165 --- [ntainer#6-0-C-1] fkaConsumerFactory$ExtendedKafkaConsumer : [Consumer clientId=consumer-driver-service-1, groupId=driver-service] Unsubscribed all topics or patterns and assigned partitions
2025-08-17T18:47:08.797+03:00  INFO 24165 --- [ntainer#0-0-C-1] o.a.k.c.c.internals.ConsumerCoordinator  : [Consumer clientId=consumer-driver-service-6, groupId=driver-service] Resetting generation and member id due to: consumer pro-actively leaving the group
2025-08-17T18:47:08.797+03:00  INFO 24165 --- [ntainer#2-0-C-1] o.a.k.c.c.internals.ConsumerCoordinator  : [Consumer clientId=consumer-driver-service-2, groupId=driver-service] Resetting generation and member id due to: consumer pro-actively leaving the group
2025-08-17T18:47:08.797+03:00  INFO 24165 --- [ntainer#0-0-C-1] o.a.k.c.c.internals.ConsumerCoordinator  : [Consumer clientId=consumer-driver-service-6, groupId=driver-service] Request joining group due to: consumer pro-actively leaving the group
2025-08-17T18:47:08.797+03:00  INFO 24165 --- [ntainer#2-0-C-1] o.a.k.c.c.internals.ConsumerCoordinator  : [Consumer clientId=consumer-driver-service-2, groupId=driver-service] Request joining group due to: consumer pro-actively leaving the group
2025-08-17T18:47:08.797+03:00  INFO 24165 --- [ntainer#2-0-C-1] fkaConsumerFactory$ExtendedKafkaConsumer : [Consumer clientId=consumer-driver-service-2, groupId=driver-service] Unsubscribed all topics or patterns and assigned partitions
2025-08-17T18:47:08.797+03:00  INFO 24165 --- [ntainer#5-0-C-1] o.a.k.c.c.internals.ConsumerCoordinator  : [Consumer clientId=consumer-driver-service-5, groupId=driver-service] Resetting generation and member id due to: consumer pro-actively leaving the group
2025-08-17T18:47:08.797+03:00  INFO 24165 --- [ntainer#4-0-C-1] o.a.k.c.c.internals.ConsumerCoordinator  : [Consumer clientId=consumer-driver-service-4, groupId=driver-service] Resetting generation and member id due to: consumer pro-actively leaving the group
2025-08-17T18:47:08.797+03:00  INFO 24165 --- [ntainer#3-0-C-1] o.a.k.c.c.internals.ConsumerCoordinator  : [Consumer clientId=consumer-driver-service-3, groupId=driver-service] Resetting generation and member id due to: consumer pro-actively leaving the group
2025-08-17T18:47:08.797+03:00  INFO 24165 --- [ntainer#4-0-C-1] o.a.k.c.c.internals.ConsumerCoordinator  : [Consumer clientId=consumer-driver-service-4, groupId=driver-service] Request joining group due to: consumer pro-actively leaving the group
2025-08-17T18:47:08.797+03:00  INFO 24165 --- [ntainer#3-0-C-1] o.a.k.c.c.internals.ConsumerCoordinator  : [Consumer clientId=consumer-driver-service-3, groupId=driver-service] Request joining group due to: consumer pro-actively leaving the group
2025-08-17T18:47:08.797+03:00  INFO 24165 --- [ntainer#4-0-C-1] fkaConsumerFactory$ExtendedKafkaConsumer : [Consumer clientId=consumer-driver-service-4, groupId=driver-service] Unsubscribed all topics or patterns and assigned partitions
2025-08-17T18:47:08.797+03:00  INFO 24165 --- [ntainer#3-0-C-1] fkaConsumerFactory$ExtendedKafkaConsumer : [Consumer clientId=consumer-driver-service-3, groupId=driver-service] Unsubscribed all topics or patterns and assigned partitions
2025-08-17T18:47:08.797+03:00  INFO 24165 --- [ntainer#0-0-C-1] fkaConsumerFactory$ExtendedKafkaConsumer : [Consumer clientId=consumer-driver-service-6, groupId=driver-service] Unsubscribed all topics or patterns and assigned partitions
2025-08-17T18:47:08.797+03:00  INFO 24165 --- [ntainer#5-0-C-1] o.a.k.c.c.internals.ConsumerCoordinator  : [Consumer clientId=consumer-driver-service-5, groupId=driver-service] Request joining group due to: consumer pro-actively leaving the group
2025-08-17T18:47:08.798+03:00  INFO 24165 --- [ntainer#5-0-C-1] fkaConsumerFactory$ExtendedKafkaConsumer : [Consumer clientId=consumer-driver-service-5, groupId=driver-service] Unsubscribed all topics or patterns and assigned partitions
2025-08-17T18:47:08.798+03:00  INFO 24165 --- [ntainer#3-0-C-1] o.a.k.c.c.internals.ConsumerCoordinator  : [Consumer clientId=consumer-driver-service-3, groupId=driver-service] Resetting generation and member id due to: consumer pro-actively leaving the group
2025-08-17T18:47:08.798+03:00  INFO 24165 --- [ntainer#3-0-C-1] o.a.k.c.c.internals.ConsumerCoordinator  : [Consumer clientId=consumer-driver-service-3, groupId=driver-service] Request joining group due to: consumer pro-actively leaving the group
2025-08-17T18:47:08.798+03:00  INFO 24165 --- [ntainer#5-0-C-1] o.a.k.c.c.internals.ConsumerCoordinator  : [Consumer clientId=consumer-driver-service-5, groupId=driver-service] Resetting generation and member id due to: consumer pro-actively leaving the group
2025-08-17T18:47:08.798+03:00  INFO 24165 --- [ntainer#0-0-C-1] o.a.k.c.c.internals.ConsumerCoordinator  : [Consumer clientId=consumer-driver-service-6, groupId=driver-service] Resetting generation and member id due to: consumer pro-actively leaving the group
2025-08-17T18:47:08.798+03:00  INFO 24165 --- [ntainer#4-0-C-1] o.a.k.c.c.internals.ConsumerCoordinator  : [Consumer clientId=consumer-driver-service-4, groupId=driver-service] Resetting generation and member id due to: consumer pro-actively leaving the group
2025-08-17T18:47:08.798+03:00  INFO 24165 --- [ntainer#0-0-C-1] o.a.k.c.c.internals.ConsumerCoordinator  : [Consumer clientId=consumer-driver-service-6, groupId=driver-service] Request joining group due to: consumer pro-actively leaving the group
2025-08-17T18:47:08.798+03:00  INFO 24165 --- [ntainer#2-0-C-1] o.a.k.c.c.internals.ConsumerCoordinator  : [Consumer clientId=consumer-driver-service-2, groupId=driver-service] Resetting generation and member id due to: consumer pro-actively leaving the group
2025-08-17T18:47:08.798+03:00  INFO 24165 --- [ntainer#1-0-C-1] o.a.k.c.c.internals.ConsumerCoordinator  : [Consumer clientId=consumer-driver-service-7, groupId=driver-service] Resetting generation and member id due to: consumer pro-actively leaving the group
2025-08-17T18:47:08.798+03:00  INFO 24165 --- [ntainer#5-0-C-1] o.a.k.c.c.internals.ConsumerCoordinator  : [Consumer clientId=consumer-driver-service-5, groupId=driver-service] Request joining group due to: consumer pro-actively leaving the group
2025-08-17T18:47:08.798+03:00  INFO 24165 --- [ntainer#4-0-C-1] o.a.k.c.c.internals.ConsumerCoordinator  : [Consumer clientId=consumer-driver-service-4, groupId=driver-service] Request joining group due to: consumer pro-actively leaving the group
2025-08-17T18:47:08.799+03:00  INFO 24165 --- [ntainer#1-0-C-1] o.a.k.c.c.internals.ConsumerCoordinator  : [Consumer clientId=consumer-driver-service-7, groupId=driver-service] Request joining group due to: consumer pro-actively leaving the group
2025-08-17T18:47:08.798+03:00  INFO 24165 --- [ntainer#2-0-C-1] o.a.k.c.c.internals.ConsumerCoordinator  : [Consumer clientId=consumer-driver-service-2, groupId=driver-service] Request joining group due to: consumer pro-actively leaving the group
2025-08-17T18:47:08.798+03:00  INFO 24165 --- [ntainer#6-0-C-1] o.a.k.c.c.internals.ConsumerCoordinator  : [Consumer clientId=consumer-driver-service-1, groupId=driver-service] Resetting generation and member id due to: consumer pro-actively leaving the group
2025-08-17T18:47:08.799+03:00  INFO 24165 --- [ntainer#6-0-C-1] o.a.k.c.c.internals.ConsumerCoordinator  : [Consumer clientId=consumer-driver-service-1, groupId=driver-service] Request joining group due to: consumer pro-actively leaving the group
2025-08-17T18:47:13.584+03:00  INFO 24165 --- [ntainer#4-0-C-1] o.apache.kafka.common.metrics.Metrics    : Metrics scheduler closed
2025-08-17T18:47:13.583+03:00  INFO 24165 --- [ntainer#1-0-C-1] o.apache.kafka.common.metrics.Metrics    : Metrics scheduler closed
2025-08-17T18:47:13.585+03:00  INFO 24165 --- [ntainer#1-0-C-1] o.apache.kafka.common.metrics.Metrics    : Closing reporter org.apache.kafka.common.metrics.JmxReporter
2025-08-17T18:47:13.585+03:00  INFO 24165 --- [ntainer#1-0-C-1] o.apache.kafka.common.metrics.Metrics    : Metrics reporters closed
2025-08-17T18:47:13.585+03:00  INFO 24165 --- [ntainer#4-0-C-1] o.apache.kafka.common.metrics.Metrics    : Closing reporter org.apache.kafka.common.metrics.JmxReporter
2025-08-17T18:47:13.585+03:00  INFO 24165 --- [ntainer#4-0-C-1] o.apache.kafka.common.metrics.Metrics    : Metrics reporters closed
2025-08-17T18:47:13.584+03:00  INFO 24165 --- [ntainer#3-0-C-1] o.apache.kafka.common.metrics.Metrics    : Metrics scheduler closed
2025-08-17T18:47:13.583+03:00  INFO 24165 --- [ntainer#2-0-C-1] o.apache.kafka.common.metrics.Metrics    : Metrics scheduler closed
2025-08-17T18:47:13.586+03:00  INFO 24165 --- [ntainer#2-0-C-1] o.apache.kafka.common.metrics.Metrics    : Closing reporter org.apache.kafka.common.metrics.JmxReporter
2025-08-17T18:47:13.583+03:00  INFO 24165 --- [ntainer#5-0-C-1] o.apache.kafka.common.metrics.Metrics    : Metrics scheduler closed
2025-08-17T18:47:13.586+03:00  INFO 24165 --- [ntainer#5-0-C-1] o.apache.kafka.common.metrics.Metrics    : Closing reporter org.apache.kafka.common.metrics.JmxReporter
2025-08-17T18:47:13.586+03:00  INFO 24165 --- [ntainer#5-0-C-1] o.apache.kafka.common.metrics.Metrics    : Metrics reporters closed
2025-08-17T18:47:13.586+03:00  INFO 24165 --- [ntainer#2-0-C-1] o.apache.kafka.common.metrics.Metrics    : Metrics reporters closed
2025-08-17T18:47:13.583+03:00  INFO 24165 --- [ntainer#0-0-C-1] o.apache.kafka.common.metrics.Metrics    : Metrics scheduler closed
2025-08-17T18:47:13.586+03:00  INFO 24165 --- [ntainer#3-0-C-1] o.apache.kafka.common.metrics.Metrics    : Closing reporter org.apache.kafka.common.metrics.JmxReporter
2025-08-17T18:47:13.587+03:00  INFO 24165 --- [ntainer#0-0-C-1] o.apache.kafka.common.metrics.Metrics    : Closing reporter org.apache.kafka.common.metrics.JmxReporter
2025-08-17T18:47:13.588+03:00  INFO 24165 --- [ntainer#0-0-C-1] o.apache.kafka.common.metrics.Metrics    : Metrics reporters closed
2025-08-17T18:47:13.588+03:00  INFO 24165 --- [ntainer#3-0-C-1] o.apache.kafka.common.metrics.Metrics    : Metrics reporters closed
2025-08-17T18:47:13.592+03:00  INFO 24165 --- [ntainer#2-0-C-1] o.a.kafka.common.utils.AppInfoParser     : App info kafka.consumer for consumer-driver-service-2 unregistered
2025-08-17T18:47:13.593+03:00  INFO 24165 --- [ntainer#2-0-C-1] o.s.k.l.KafkaMessageListenerContainer    : driver-service: Consumer stopped
2025-08-17T18:47:13.596+03:00  INFO 24165 --- [ntainer#0-0-C-1] o.a.kafka.common.utils.AppInfoParser     : App info kafka.consumer for consumer-driver-service-6 unregistered
2025-08-17T18:47:13.596+03:00  INFO 24165 --- [ntainer#0-0-C-1] o.s.k.l.KafkaMessageListenerContainer    : driver-service: Consumer stopped
2025-08-17T18:47:13.597+03:00  INFO 24165 --- [ntainer#3-0-C-1] o.a.kafka.common.utils.AppInfoParser     : App info kafka.consumer for consumer-driver-service-3 unregistered
2025-08-17T18:47:13.597+03:00  INFO 24165 --- [ntainer#3-0-C-1] o.s.k.l.KafkaMessageListenerContainer    : driver-service: Consumer stopped
2025-08-17T18:47:13.598+03:00  INFO 24165 --- [ntainer#5-0-C-1] o.a.kafka.common.utils.AppInfoParser     : App info kafka.consumer for consumer-driver-service-5 unregistered
2025-08-17T18:47:13.598+03:00  INFO 24165 --- [ntainer#5-0-C-1] o.s.k.l.KafkaMessageListenerContainer    : driver-service: Consumer stopped
2025-08-17T18:47:13.599+03:00  INFO 24165 --- [ntainer#1-0-C-1] o.a.kafka.common.utils.AppInfoParser     : App info kafka.consumer for consumer-driver-service-7 unregistered
2025-08-17T18:47:13.599+03:00  INFO 24165 --- [ntainer#1-0-C-1] o.s.k.l.KafkaMessageListenerContainer    : driver-service: Consumer stopped
2025-08-17T18:47:13.599+03:00  INFO 24165 --- [ntainer#4-0-C-1] o.a.kafka.common.utils.AppInfoParser     : App info kafka.consumer for consumer-driver-service-4 unregistered
2025-08-17T18:47:13.599+03:00  INFO 24165 --- [ntainer#4-0-C-1] o.s.k.l.KafkaMessageListenerContainer    : driver-service: Consumer stopped
2025-08-17T18:47:13.613+03:00  INFO 24165 --- [ntainer#6-0-C-1] o.apache.kafka.common.metrics.Metrics    : Metrics scheduler closed
2025-08-17T18:47:13.613+03:00  INFO 24165 --- [ntainer#6-0-C-1] o.apache.kafka.common.metrics.Metrics    : Closing reporter org.apache.kafka.common.metrics.JmxReporter
2025-08-17T18:47:13.613+03:00  INFO 24165 --- [ntainer#6-0-C-1] o.apache.kafka.common.metrics.Metrics    : Metrics reporters closed
2025-08-17T18:47:13.614+03:00  INFO 24165 --- [ntainer#6-0-C-1] o.a.kafka.common.utils.AppInfoParser     : App info kafka.consumer for consumer-driver-service-1 unregistered
2025-08-17T18:47:13.614+03:00  INFO 24165 --- [ntainer#6-0-C-1] o.s.k.l.KafkaMessageListenerContainer    : driver-service: Consumer stopped
2025-08-17T18:47:13.633+03:00  INFO 24165 --- [    Test worker] j.LocalContainerEntityManagerFactoryBean : Closing JPA EntityManagerFactory for persistence unit 'default'
2025-08-17T18:47:13.638+03:00  INFO 24165 --- [    Test worker] com.zaxxer.hikari.HikariDataSource       : HikariPool-1 - Shutdown initiated...
2025-08-17T18:47:13.641+03:00  INFO 24165 --- [    Test worker] com.zaxxer.hikari.HikariDataSource       : HikariPool-1 - Shutdown completed.

  .   ____          _            __ _ _
 /\\ / ___'_ __ _ _(_)_ __  __ _ \ \ \ \
( ( )\___ | '_ | '_| | '_ \/ _` | \ \ \ \
 \\/  ___)| |_)| | | | | || (_| |  ) ) ) )
  '  |____| .__|_| |_|_| |_\__, | / / / /
 =========|_|==============|___/=/_/_/_/
 :: Spring Boot ::                (v3.2.5)

2025-08-17T18:47:13.694+03:00  INFO 24165 --- [    Test worker] r.s.web.controller.AuthControllerTest    : Starting AuthControllerTest using Java 21.0.8 with PID 24165 (started by linara in /Users/linara/Desktop/DO/Ride-Service)
2025-08-17T18:47:13.694+03:00  INFO 24165 --- [    Test worker] r.s.web.controller.AuthControllerTest    : No active profile set, falling back to 1 default profile: "default"
2025-08-17T18:47:13.908+03:00  INFO 24165 --- [    Test worker] .s.d.r.c.RepositoryConfigurationDelegate : Multiple Spring Data modules found, entering strict repository configuration mode
2025-08-17T18:47:13.908+03:00  INFO 24165 --- [    Test worker] .s.d.r.c.RepositoryConfigurationDelegate : Bootstrapping Spring Data JPA repositories in DEFAULT mode.
2025-08-17T18:47:13.971+03:00  INFO 24165 --- [    Test worker] .s.d.r.c.RepositoryConfigurationDelegate : Finished Spring Data repository scanning in 62 ms. Found 6 JPA repository interfaces.
2025-08-17T18:47:13.977+03:00  INFO 24165 --- [    Test worker] .s.d.r.c.RepositoryConfigurationDelegate : Multiple Spring Data modules found, entering strict repository configuration mode
2025-08-17T18:47:13.977+03:00  INFO 24165 --- [    Test worker] .s.d.r.c.RepositoryConfigurationDelegate : Bootstrapping Spring Data Redis repositories in DEFAULT mode.
2025-08-17T18:47:13.990+03:00  INFO 24165 --- [    Test worker] .RepositoryConfigurationExtensionSupport : Spring Data Redis - Could not safely identify store assignment for repository candidate interface ru.site.datasource.repository.ClientRepository; If you want this repository to be a Redis repository, consider annotating your entities with one of these annotations: org.springframework.data.redis.core.RedisHash (preferred), or consider extending one of the following types with your repository: org.springframework.data.keyvalue.repository.KeyValueRepository
2025-08-17T18:47:13.990+03:00  INFO 24165 --- [    Test worker] .RepositoryConfigurationExtensionSupport : Spring Data Redis - Could not safely identify store assignment for repository candidate interface ru.site.datasource.repository.DriverRepository; If you want this repository to be a Redis repository, consider annotating your entities with one of these annotations: org.springframework.data.redis.core.RedisHash (preferred), or consider extending one of the following types with your repository: org.springframework.data.keyvalue.repository.KeyValueRepository
2025-08-17T18:47:13.990+03:00  INFO 24165 --- [    Test worker] .RepositoryConfigurationExtensionSupport : Spring Data Redis - Could not safely identify store assignment for repository candidate interface ru.site.datasource.repository.PaymentRepository; If you want this repository to be a Redis repository, consider annotating your entities with one of these annotations: org.springframework.data.redis.core.RedisHash (preferred), or consider extending one of the following types with your repository: org.springframework.data.keyvalue.repository.KeyValueRepository
2025-08-17T18:47:13.990+03:00  INFO 24165 --- [    Test worker] .RepositoryConfigurationExtensionSupport : Spring Data Redis - Could not safely identify store assignment for repository candidate interface ru.site.datasource.repository.RideRepository; If you want this repository to be a Redis repository, consider annotating your entities with one of these annotations: org.springframework.data.redis.core.RedisHash (preferred), or consider extending one of the following types with your repository: org.springframework.data.keyvalue.repository.KeyValueRepository
2025-08-17T18:47:13.990+03:00  INFO 24165 --- [    Test worker] .RepositoryConfigurationExtensionSupport : Spring Data Redis - Could not safely identify store assignment for repository candidate interface ru.site.datasource.repository.RoleRepository; If you want this repository to be a Redis repository, consider annotating your entities with one of these annotations: org.springframework.data.redis.core.RedisHash (preferred), or consider extending one of the following types with your repository: org.springframework.data.keyvalue.repository.KeyValueRepository
2025-08-17T18:47:13.991+03:00  INFO 24165 --- [    Test worker] .RepositoryConfigurationExtensionSupport : Spring Data Redis - Could not safely identify store assignment for repository candidate interface ru.site.datasource.repository.UserRepository; If you want this repository to be a Redis repository, consider annotating your entities with one of these annotations: org.springframework.data.redis.core.RedisHash (preferred), or consider extending one of the following types with your repository: org.springframework.data.keyvalue.repository.KeyValueRepository
2025-08-17T18:47:13.991+03:00  INFO 24165 --- [    Test worker] .s.d.r.c.RepositoryConfigurationDelegate : Finished Spring Data repository scanning in 12 ms. Found 0 Redis repository interfaces.
2025-08-17T18:47:14.152+03:00  INFO 24165 --- [    Test worker] o.hibernate.jpa.internal.util.LogHelper  : HHH000204: Processing PersistenceUnitInfo [name: default]
2025-08-17T18:47:14.154+03:00  INFO 24165 --- [    Test worker] o.h.c.internal.RegionFactoryInitiator    : HHH000026: Second-level cache disabled
2025-08-17T18:47:14.159+03:00  INFO 24165 --- [    Test worker] o.s.o.j.p.SpringPersistenceUnitInfo      : No LoadTimeWeaver setup: ignoring JPA class transformer
2025-08-17T18:47:14.160+03:00  INFO 24165 --- [    Test worker] com.zaxxer.hikari.HikariDataSource       : HikariPool-2 - Starting...
2025-08-17T18:47:14.176+03:00  INFO 24165 --- [    Test worker] com.zaxxer.hikari.pool.HikariPool        : HikariPool-2 - Added connection org.postgresql.jdbc.PgConnection@5c77cb42
[...]
2025-08-17T18:47:15.576+03:00  INFO 24165 --- [ntainer#0-0-C-1] o.a.k.c.c.internals.ConsumerCoordinator  : [Consumer clientId=consumer-driver-service-13, groupId=driver-service] Request joining group due to: rebalance failed due to 'The group member needs to have a valid member id before actually entering a consumer group.' (MemberIdRequiredException)
2025-08-17T18:47:15.576+03:00  INFO 24165 --- [ntainer#0-0-C-1] o.a.k.c.c.internals.ConsumerCoordinator  : [Consumer clientId=consumer-driver-service-13, groupId=driver-service] (Re-)joining group
2025-08-17T18:47:15.577+03:00  INFO 24165 --- [ntainer#1-0-C-1] o.a.k.c.c.internals.ConsumerCoordinator  : [Consumer clientId=consumer-driver-service-14, groupId=driver-service] Discovered group coordinator localhost:9092 (id: 2147483646 rack: null)
2025-08-17T18:47:15.578+03:00  INFO 24165 --- [ntainer#1-0-C-1] o.a.k.c.c.internals.ConsumerCoordinator  : [Consumer clientId=consumer-driver-service-14, groupId=driver-service] (Re-)joining group
2025-08-17T18:47:15.582+03:00  INFO 24165 --- [    Test worker] r.s.web.controller.AuthControllerTest    : Started AuthControllerTest in 1.912 seconds (process running for 16.184)
2025-08-17T18:47:15.584+03:00  INFO 24165 --- [ntainer#1-0-C-1] o.a.k.c.c.internals.ConsumerCoordinator  : [Consumer clientId=consumer-driver-service-14, groupId=driver-service] Request joining group due to: need to re-join with the given member-id: consumer-driver-service-14-14599ed1-10eb-4bae-a867-a17dcbcbd16a
2025-08-17T18:47:15.584+03:00  INFO 24165 --- [ntainer#1-0-C-1] o.a.k.c.c.internals.ConsumerCoordinator  : [Consumer clientId=consumer-driver-service-14, groupId=driver-service] Request joining group due to: rebalance failed due to 'The group member needs to have a valid member id before actually entering a consumer group.' (MemberIdRequiredException)
2025-08-17T18:47:15.584+03:00  INFO 24165 --- [ntainer#1-0-C-1] o.a.k.c.c.internals.ConsumerCoordinator  : [Consumer clientId=consumer-driver-service-14, groupId=driver-service] (Re-)joining group
2025-08-17T18:47:15.776+03:00  INFO 24165 --- [ntainer#6-0-C-1] o.a.k.c.c.internals.ConsumerCoordinator  : [Consumer clientId=consumer-driver-service-8, groupId=driver-service] Member consumer-driver-service-8-ceb30fec-a4e2-44ef-89cd-c16b32609def sending LeaveGroup request to coordinator localhost:9092 (id: 2147483646 rack: null) due to the consumer unsubscribed from all topics
2025-08-17T18:47:15.776+03:00  INFO 24165 --- [ntainer#2-0-C-1] o.a.k.c.c.internals.ConsumerCoordinator  : [Consumer clientId=consumer-driver-service-9, groupId=driver-service] Member consumer-driver-service-9-b434c2ae-0f8a-48d2-a515-981b95b75334 sending LeaveGroup request to coordinator localhost:9092 (id: 2147483646 rack: null) due to the consumer unsubscribed from all topics
2025-08-17T18:47:15.776+03:00  INFO 24165 --- [ntainer#6-0-C-1] o.a.k.c.c.internals.ConsumerCoordinator  : [Consumer clientId=consumer-driver-service-8, groupId=driver-service] Resetting generation and member id due to: consumer pro-actively leaving the group
2025-08-17T18:47:15.776+03:00  INFO 24165 --- [ntainer#6-0-C-1] o.a.k.c.c.internals.ConsumerCoordinator  : [Consumer clientId=consumer-driver-service-8, groupId=driver-service] Request joining group due to: consumer pro-actively leaving the group
2025-08-17T18:47:15.776+03:00  INFO 24165 --- [ntainer#2-0-C-1] o.a.k.c.c.internals.ConsumerCoordinator  : [Consumer clientId=consumer-driver-service-9, groupId=driver-service] Resetting generation and member id due to: consumer pro-actively leaving the group
2025-08-17T18:47:15.776+03:00  INFO 24165 --- [ntainer#6-0-C-1] fkaConsumerFactory$ExtendedKafkaConsumer : [Consumer clientId=consumer-driver-service-8, groupId=driver-service] Unsubscribed all topics or patterns and assigned partitions
2025-08-17T18:47:15.776+03:00  INFO 24165 --- [ntainer#2-0-C-1] o.a.k.c.c.internals.ConsumerCoordinator  : [Consumer clientId=consumer-driver-service-9, groupId=driver-service] Request joining group due to: consumer pro-actively leaving the group
2025-08-17T18:47:15.776+03:00  INFO 24165 --- [ntainer#2-0-C-1] fkaConsumerFactory$ExtendedKafkaConsumer : [Consumer clientId=consumer-driver-service-9, groupId=driver-service] Unsubscribed all topics or patterns and assigned partitions
2025-08-17T18:47:15.776+03:00  INFO 24165 --- [ntainer#3-0-C-1] o.a.k.c.c.internals.ConsumerCoordinator  : [Consumer clientId=consumer-driver-service-10, groupId=driver-service] Member consumer-driver-service-10-78dd59a3-38de-49fd-baea-1cab4d9832ac sending LeaveGroup request to coordinator localhost:9092 (id: 2147483646 rack: null) due to the consumer unsubscribed from all topics
2025-08-17T18:47:15.776+03:00  INFO 24165 --- [ntainer#4-0-C-1] o.a.k.c.c.internals.ConsumerCoordinator  : [Consumer clientId=consumer-driver-service-11, groupId=driver-service] Member consumer-driver-service-11-1342f127-a492-4a20-9cc2-2a078dac1c36 sending LeaveGroup request to coordinator localhost:9092 (id: 2147483646 rack: null) due to the consumer unsubscribed from all topics
2025-08-17T18:47:15.776+03:00  INFO 24165 --- [ntainer#3-0-C-1] o.a.k.c.c.internals.ConsumerCoordinator  : [Consumer clientId=consumer-driver-service-10, groupId=driver-service] Resetting generation and member id due to: consumer pro-actively leaving the group
2025-08-17T18:47:15.776+03:00  INFO 24165 --- [ntainer#3-0-C-1] o.a.k.c.c.internals.ConsumerCoordinator  : [Consumer clientId=consumer-driver-service-10, groupId=driver-service] Request joining group due to: consumer pro-actively leaving the group
2025-08-17T18:47:15.776+03:00  INFO 24165 --- [ntainer#3-0-C-1] fkaConsumerFactory$ExtendedKafkaConsumer : [Consumer clientId=consumer-driver-service-10, groupId=driver-service] Unsubscribed all topics or patterns and assigned partitions
2025-08-17T18:47:15.776+03:00  INFO 24165 --- [ntainer#4-0-C-1] o.a.k.c.c.internals.ConsumerCoordinator  : [Consumer clientId=consumer-driver-service-11, groupId=driver-service] Resetting generation and member id due to: consumer pro-actively leaving the group
2025-08-17T18:47:15.776+03:00  INFO 24165 --- [ntainer#4-0-C-1] o.a.k.c.c.internals.ConsumerCoordinator  : [Consumer clientId=consumer-driver-service-11, groupId=driver-service] Request joining group due to: consumer pro-actively leaving the group
2025-08-17T18:47:15.776+03:00  INFO 24165 --- [ntainer#1-0-C-1] o.a.k.c.c.internals.ConsumerCoordinator  : [Consumer clientId=consumer-driver-service-14, groupId=driver-service] Member consumer-driver-service-14-14599ed1-10eb-4bae-a867-a17dcbcbd16a sending LeaveGroup request to coordinator localhost:9092 (id: 2147483646 rack: null) due to the consumer unsubscribed from all topics
2025-08-17T18:47:15.776+03:00  INFO 24165 --- [ntainer#5-0-C-1] o.a.k.c.c.internals.ConsumerCoordinator  : [Consumer clientId=consumer-driver-service-12, groupId=driver-service] Member consumer-driver-service-12-09c5f7a2-dfb8-48cd-8bc9-d468c2ae8242 sending LeaveGroup request to coordinator localhost:9092 (id: 2147483646 rack: null) due to the consumer unsubscribed from all topics
2025-08-17T18:47:15.777+03:00  INFO 24165 --- [ntainer#6-0-C-1] o.a.k.c.c.internals.ConsumerCoordinator  : [Consumer clientId=consumer-driver-service-8, groupId=driver-service] Resetting generation and member id due to: consumer pro-actively leaving the group
2025-08-17T18:47:15.777+03:00  INFO 24165 --- [ntainer#6-0-C-1] o.a.k.c.c.internals.ConsumerCoordinator  : [Consumer clientId=consumer-driver-service-8, groupId=driver-service] Request joining group due to: consumer pro-actively leaving the group
2025-08-17T18:47:15.777+03:00  INFO 24165 --- [ntainer#2-0-C-1] o.a.k.c.c.internals.ConsumerCoordinator  : [Consumer clientId=consumer-driver-service-9, groupId=driver-service] Resetting generation and member id due to: consumer pro-actively leaving the group
2025-08-17T18:47:15.777+03:00  INFO 24165 --- [ntainer#2-0-C-1] o.a.k.c.c.internals.ConsumerCoordinator  : [Consumer clientId=consumer-driver-service-9, groupId=driver-service] Request joining group due to: consumer pro-actively leaving the group
2025-08-17T18:47:15.777+03:00  INFO 24165 --- [ntainer#1-0-C-1] o.a.k.c.c.internals.ConsumerCoordinator  : [Consumer clientId=consumer-driver-service-14, groupId=driver-service] Resetting generation and member id due to: consumer pro-actively leaving the group
2025-08-17T18:47:15.777+03:00  INFO 24165 --- [ntainer#1-0-C-1] o.a.k.c.c.internals.ConsumerCoordinator  : [Consumer clientId=consumer-driver-service-14, groupId=driver-service] Request joining group due to: consumer pro-actively leaving the group
2025-08-17T18:47:15.777+03:00  INFO 24165 --- [ntainer#1-0-C-1] fkaConsumerFactory$ExtendedKafkaConsumer : [Consumer clientId=consumer-driver-service-14, groupId=driver-service] Unsubscribed all topics or patterns and assigned partitions
2025-08-17T18:47:15.776+03:00  INFO 24165 --- [ntainer#4-0-C-1] fkaConsumerFactory$ExtendedKafkaConsumer : [Consumer clientId=consumer-driver-service-11, groupId=driver-service] Unsubscribed all topics or patterns and assigned partitions
2025-08-17T18:47:15.777+03:00  INFO 24165 --- [ntainer#5-0-C-1] o.a.k.c.c.internals.ConsumerCoordinator  : [Consumer clientId=consumer-driver-service-12, groupId=driver-service] Resetting generation and member id due to: consumer pro-actively leaving the group
2025-08-17T18:47:15.777+03:00  INFO 24165 --- [ntainer#5-0-C-1] o.a.k.c.c.internals.ConsumerCoordinator  : [Consumer clientId=consumer-driver-service-12, groupId=driver-service] Request joining group due to: consumer pro-actively leaving the group
2025-08-17T18:47:15.777+03:00  INFO 24165 --- [ntainer#5-0-C-1] fkaConsumerFactory$ExtendedKafkaConsumer : [Consumer clientId=consumer-driver-service-12, groupId=driver-service] Unsubscribed all topics or patterns and assigned partitions
2025-08-17T18:47:15.776+03:00  INFO 24165 --- [ntainer#0-0-C-1] o.a.k.c.c.internals.ConsumerCoordinator  : [Consumer clientId=consumer-driver-service-13, groupId=driver-service] Member consumer-driver-service-13-a9fe48b4-4eb3-42a1-8661-6e1210fc94a9 sending LeaveGroup request to coordinator localhost:9092 (id: 2147483646 rack: null) due to the consumer unsubscribed from all topics
2025-08-17T18:47:15.777+03:00  INFO 24165 --- [ntainer#3-0-C-1] o.a.k.c.c.internals.ConsumerCoordinator  : [Consumer clientId=consumer-driver-service-10, groupId=driver-service] Resetting generation and member id due to: consumer pro-actively leaving the group
2025-08-17T18:47:15.778+03:00  INFO 24165 --- [ntainer#0-0-C-1] o.a.k.c.c.internals.ConsumerCoordinator  : [Consumer clientId=consumer-driver-service-13, groupId=driver-service] Resetting generation and member id due to: consumer pro-actively leaving the group
2025-08-17T18:47:15.778+03:00  INFO 24165 --- [ntainer#0-0-C-1] o.a.k.c.c.internals.ConsumerCoordinator  : [Consumer clientId=consumer-driver-service-13, groupId=driver-service] Request joining group due to: consumer pro-actively leaving the group
2025-08-17T18:47:15.778+03:00  INFO 24165 --- [ntainer#0-0-C-1] fkaConsumerFactory$ExtendedKafkaConsumer : [Consumer clientId=consumer-driver-service-13, groupId=driver-service] Unsubscribed all topics or patterns and assigned partitions
2025-08-17T18:47:15.777+03:00  INFO 24165 --- [ntainer#1-0-C-1] o.a.k.c.c.internals.ConsumerCoordinator  : [Consumer clientId=consumer-driver-service-14, groupId=driver-service] Resetting generation and member id due to: consumer pro-actively leaving the group
2025-08-17T18:47:15.778+03:00  INFO 24165 --- [ntainer#1-0-C-1] o.a.k.c.c.internals.ConsumerCoordinator  : [Consumer clientId=consumer-driver-service-14, groupId=driver-service] Request joining group due to: consumer pro-actively leaving the group
2025-08-17T18:47:15.778+03:00  INFO 24165 --- [ntainer#4-0-C-1] o.a.k.c.c.internals.ConsumerCoordinator  : [Consumer clientId=consumer-driver-service-11, groupId=driver-service] Resetting generation and member id due to: consumer pro-actively leaving the group
2025-08-17T18:47:15.778+03:00  INFO 24165 --- [ntainer#5-0-C-1] o.a.k.c.c.internals.ConsumerCoordinator  : [Consumer clientId=consumer-driver-service-12, groupId=driver-service] Resetting generation and member id due to: consumer pro-actively leaving the group
2025-08-17T18:47:15.778+03:00  INFO 24165 --- [ntainer#0-0-C-1] o.a.k.c.c.internals.ConsumerCoordinator  : [Consumer clientId=consumer-driver-service-13, groupId=driver-service] Resetting generation and member id due to: consumer pro-actively leaving the group
2025-08-17T18:47:15.778+03:00  INFO 24165 --- [ntainer#5-0-C-1] o.a.k.c.c.internals.ConsumerCoordinator  : [Consumer clientId=consumer-driver-service-12, groupId=driver-service] Request joining group due to: consumer pro-actively leaving the group
2025-08-17T18:47:15.778+03:00  INFO 24165 --- [ntainer#0-0-C-1] o.a.k.c.c.internals.ConsumerCoordinator  : [Consumer clientId=consumer-driver-service-13, groupId=driver-service] Request joining group due to: consumer pro-actively leaving the group
2025-08-17T18:47:15.778+03:00  INFO 24165 --- [ntainer#3-0-C-1] o.a.k.c.c.internals.ConsumerCoordinator  : [Consumer clientId=consumer-driver-service-10, groupId=driver-service] Request joining group due to: consumer pro-actively leaving the group
2025-08-17T18:47:15.778+03:00  INFO 24165 --- [ntainer#4-0-C-1] o.a.k.c.c.internals.ConsumerCoordinator  : [Consumer clientId=consumer-driver-service-11, groupId=driver-service] Request joining group due to: consumer pro-actively leaving the group
2025-08-17T18:47:21.672+03:00  INFO 24165 --- [ntainer#6-0-C-1] o.apache.kafka.common.metrics.Metrics    : Metrics scheduler closed
2025-08-17T18:47:21.673+03:00  INFO 24165 --- [ntainer#1-0-C-1] o.apache.kafka.common.metrics.Metrics    : Metrics scheduler closed
2025-08-17T18:47:21.673+03:00  INFO 24165 --- [ntainer#0-0-C-1] o.apache.kafka.common.metrics.Metrics    : Metrics scheduler closed
2025-08-17T18:47:21.673+03:00  INFO 24165 --- [ntainer#3-0-C-1] o.apache.kafka.common.metrics.Metrics    : Metrics scheduler closed
2025-08-17T18:47:21.673+03:00  INFO 24165 --- [ntainer#5-0-C-1] o.apache.kafka.common.metrics.Metrics    : Metrics scheduler closed
2025-08-17T18:47:21.672+03:00  INFO 24165 --- [ntainer#2-0-C-1] o.apache.kafka.common.metrics.Metrics    : Metrics scheduler closed
2025-08-17T18:47:21.674+03:00  INFO 24165 --- [ntainer#6-0-C-1] o.apache.kafka.common.metrics.Metrics    : Closing reporter org.apache.kafka.common.metrics.JmxReporter
2025-08-17T18:47:21.674+03:00  INFO 24165 --- [ntainer#0-0-C-1] o.apache.kafka.common.metrics.Metrics    : Closing reporter org.apache.kafka.common.metrics.JmxReporter
2025-08-17T18:47:21.674+03:00  INFO 24165 --- [ntainer#1-0-C-1] o.apache.kafka.common.metrics.Metrics    : Closing reporter org.apache.kafka.common.metrics.JmxReporter
2025-08-17T18:47:21.674+03:00  INFO 24165 --- [ntainer#5-0-C-1] o.apache.kafka.common.metrics.Metrics    : Closing reporter org.apache.kafka.common.metrics.JmxReporter
2025-08-17T18:47:21.674+03:00  INFO 24165 --- [ntainer#2-0-C-1] o.apache.kafka.common.metrics.Metrics    : Closing reporter org.apache.kafka.common.metrics.JmxReporter
2025-08-17T18:47:21.674+03:00  INFO 24165 --- [ntainer#3-0-C-1] o.apache.kafka.common.metrics.Metrics    : Closing reporter org.apache.kafka.common.metrics.JmxReporter
2025-08-17T18:47:21.674+03:00  INFO 24165 --- [ntainer#6-0-C-1] o.apache.kafka.common.metrics.Metrics    : Metrics reporters closed
2025-08-17T18:47:21.674+03:00  INFO 24165 --- [ntainer#3-0-C-1] o.apache.kafka.common.metrics.Metrics    : Metrics reporters closed
2025-08-17T18:47:21.675+03:00  INFO 24165 --- [ntainer#2-0-C-1] o.apache.kafka.common.metrics.Metrics    : Metrics reporters closed
2025-08-17T18:47:21.675+03:00  INFO 24165 --- [ntainer#5-0-C-1] o.apache.kafka.common.metrics.Metrics    : Metrics reporters closed
2025-08-17T18:47:21.675+03:00  INFO 24165 --- [ntainer#1-0-C-1] o.apache.kafka.common.metrics.Metrics    : Metrics reporters closed
2025-08-17T18:47:21.675+03:00  INFO 24165 --- [ntainer#0-0-C-1] o.apache.kafka.common.metrics.Metrics    : Metrics reporters closed
2025-08-17T18:47:21.680+03:00  INFO 24165 --- [ntainer#2-0-C-1] o.a.kafka.common.utils.AppInfoParser     : App info kafka.consumer for consumer-driver-service-9 unregistered
2025-08-17T18:47:21.681+03:00  INFO 24165 --- [ntainer#2-0-C-1] o.s.k.l.KafkaMessageListenerContainer    : driver-service: Consumer stopped
2025-08-17T18:47:21.682+03:00  INFO 24165 --- [ntainer#1-0-C-1] o.a.kafka.common.utils.AppInfoParser     : App info kafka.consumer for consumer-driver-service-14 unregistered
2025-08-17T18:47:21.682+03:00  INFO 24165 --- [ntainer#1-0-C-1] o.s.k.l.KafkaMessageListenerContainer    : driver-service: Consumer stopped
2025-08-17T18:47:21.683+03:00  INFO 24165 --- [ntainer#0-0-C-1] o.a.kafka.common.utils.AppInfoParser     : App info kafka.consumer for consumer-driver-service-13 unregistered
2025-08-17T18:47:21.683+03:00  INFO 24165 --- [ntainer#0-0-C-1] o.s.k.l.KafkaMessageListenerContainer    : driver-service: Consumer stopped
2025-08-17T18:47:21.684+03:00  INFO 24165 --- [ntainer#5-0-C-1] o.a.kafka.common.utils.AppInfoParser     : App info kafka.consumer for consumer-driver-service-12 unregistered
2025-08-17T18:47:21.684+03:00  INFO 24165 --- [ntainer#5-0-C-1] o.s.k.l.KafkaMessageListenerContainer    : driver-service: Consumer stopped
2025-08-17T18:47:21.685+03:00  INFO 24165 --- [ntainer#6-0-C-1] o.a.kafka.common.utils.AppInfoParser     : App info kafka.consumer for consumer-driver-service-8 unregistered
2025-08-17T18:47:21.685+03:00  INFO 24165 --- [ntainer#6-0-C-1] o.s.k.l.KafkaMessageListenerContainer    : driver-service: Consumer stopped
2025-08-17T18:47:21.685+03:00  INFO 24165 --- [ntainer#3-0-C-1] o.a.kafka.common.utils.AppInfoParser     : App info kafka.consumer for consumer-driver-service-10 unregistered
2025-08-17T18:47:21.685+03:00  INFO 24165 --- [ntainer#3-0-C-1] o.s.k.l.KafkaMessageListenerContainer    : driver-service: Consumer stopped
2025-08-17T18:47:21.706+03:00  INFO 24165 --- [ntainer#4-0-C-1] o.apache.kafka.common.metrics.Metrics    : Metrics scheduler closed
2025-08-17T18:47:21.706+03:00  INFO 24165 --- [ntainer#4-0-C-1] o.apache.kafka.common.metrics.Metrics    : Closing reporter org.apache.kafka.common.metrics.JmxReporter
2025-08-17T18:47:21.706+03:00  INFO 24165 --- [ntainer#4-0-C-1] o.apache.kafka.common.metrics.Metrics    : Metrics reporters closed
2025-08-17T18:47:21.707+03:00  INFO 24165 --- [ntainer#4-0-C-1] o.a.kafka.common.utils.AppInfoParser     : App info kafka.consumer for consumer-driver-service-11 unregistered
2025-08-17T18:47:21.707+03:00  INFO 24165 --- [ntainer#4-0-C-1] o.s.k.l.KafkaMessageListenerContainer    : driver-service: Consumer stopped
2025-08-17T18:47:21.711+03:00  INFO 24165 --- [    Test worker] j.LocalContainerEntityManagerFactoryBean : Closing JPA EntityManagerFactory for persistence unit 'default'
2025-08-17T18:47:21.714+03:00  INFO 24165 --- [    Test worker] com.zaxxer.hikari.HikariDataSource       : HikariPool-2 - Shutdown initiated...
2025-08-17T18:47:21.715+03:00  INFO 24165 --- [    Test worker] com.zaxxer.hikari.HikariDataSource       : HikariPool-2 - Shutdown completed.
]]></system-out>
  <system-err><![CDATA[WARNING: A Java agent has been loaded dynamically (/Users/linara/.gradle/caches/modules-2/files-2.1/net.bytebuddy/byte-buddy-agent/1.14.13/979ce25f7d3096a2e82214ba7dc972a05ce7a171/byte-buddy-agent-1.14.13.jar)
WARNING: If a serviceability tool is in use, please run with -XX:+EnableDynamicAgentLoading to hide this warning
WARNING: If a serviceability tool is not in use, please run with -Djdk.instrument.traceUsage for more information
WARNING: Dynamic loading of agents will be disallowed by default in a future release
]]></system-err>
</testsuite>
